INFO:__main__:Reconnect attempt 1 failed: timed out at: 2025-10-16T04:14:59 
INFO:__main__:Reconnect attempt 2 failed: timed out at: 2025-10-16T04:15:06 
INFO:__main__:Reconnect attempt 3 failed: timed out at: 2025-10-16T04:15:13 
INFO:__main__:Reconnect attempt 4 failed: timed out at: 2025-10-16T04:15:20 
INFO:__main__:Reconnect attempt 5 failed: timed out at: 2025-10-16T04:15:27 
INFO:__main__:All reconnect attempts failed -waiting 10 s before retry. 2025-10-16T04:15:30
INFO:__main__:Reconnect attempt 1 failed: timed out at: 2025-10-16T04:15:44 
INFO:__main__:Reconnect attempt 2 failed: timed out at: 2025-10-16T04:15:51 
INFO:__main__:Reconnect attempt 3 failed: timed out at: 2025-10-16T04:15:58 
INFO:__main__:Reconnect attempt 4 failed: timed out at: 2025-10-16T04:16:05 
INFO:__main__:Reconnect attempt 5 failed: timed out at: 2025-10-16T04:16:12 
INFO:__main__:All reconnect attempts failed -waiting 10 s before retry. 2025-10-16T04:16:15
INFO:__main__:Reconnect attempt 1 failed: timed out at: 2025-10-16T04:16:29 
INFO:__main__:Reconnect attempt 2 failed: timed out at: 2025-10-16T04:16:36 
INFO:__main__:Reconnect attempt 3 failed: timed out at: 2025-10-16T04:16:43 
INFO:__main__:Reconnect attempt 4 failed: timed out at: 2025-10-16T04:16:50 
INFO:__main__:Reconnect attempt 5 failed: timed out at: 2025-10-16T04:16:57 
INFO:__main__:All reconnect attempts failed -waiting 10 s before retry. 2025-10-16T04:17:00
INFO:__main__:Reconnect attempt 1 failed: timed out at: 2025-10-16T04:17:14 
INFO:__main__:Reconnect attempt 2 failed: timed out at: 2025-10-16T04:17:21 
INFO:__main__:Reconnect attempt 3 failed: timed out at: 2025-10-16T04:17:28 
INFO:__main__:Reconnect attempt 4 failed: timed out at: 2025-10-16T04:17:35 
INFO:__main__:Reconnect attempt 5 failed: timed out at: 2025-10-16T04:17:42 
INFO:__main__:All reconnect attempts failed -waiting 10 s before retry. 2025-10-16T04:17:45
INFO:__main__:Reconnect attempt 1 failed: timed out at: 2025-10-16T04:17:59 
INFO:__main__:Reconnect attempt 2 failed: timed out at: 2025-10-16T04:18:06 
INFO:__main__:Reconnect attempt 3 failed: timed out at: 2025-10-16T04:18:13 
INFO:__main__:Reconnect attempt 4 failed: timed out at: 2025-10-16T04:18:20 
INFO:__main__:Reconnect attempt 5 failed: timed out at: 2025-10-16T04:18:27 
INFO:__main__:All reconnect attempts failed -waiting 10 s before retry. 2025-10-16T04:18:30
INFO:__main__:Reconnect attempt 1 failed: timed out at: 2025-10-16T04:18:44 
INFO:__main__:Reconnect attempt 2 failed: timed out at: 2025-10-16T04:18:51 
INFO:__main__:Reconnect attempt 3 failed: timed out at: 2025-10-16T04:18:58 
INFO:__main__:Reconnect attempt 4 failed: timed out at: 2025-10-16T04:19:05 
INFO:__main__:Reconnect attempt 5 failed: timed out at: 2025-10-16T04:19:12 
INFO:__main__:All reconnect attempts failed -waiting 10 s before retry. 2025-10-16T04:19:15
INFO:__main__:Reconnect attempt 1 failed: timed out at: 2025-10-16T04:19:29 
INFO:__main__:Reconnect attempt 2 failed: timed out at: 2025-10-16T04:19:36 
INFO:__main__:Reconnect attempt 3 failed: timed out at: 2025-10-16T04:19:43 
INFO:__main__:Reconnect attempt 4 failed: timed out at: 2025-10-16T04:19:50 
INFO:__main__:Reconnect attempt 5 failed: timed out at: 2025-10-16T04:19:57 
INFO:__main__:All reconnect attempts failed -waiting 10 s before retry. 2025-10-16T04:20:00
INFO:__main__:Reconnect attempt 1 failed: timed out at: 2025-10-16T04:20:14 
INFO:__main__:Reconnect attempt 2 failed: timed out at: 2025-10-16T04:20:21 
INFO:__main__:Reconnect attempt 3 failed: timed out at: 2025-10-16T04:20:28 
INFO:__main__:Reconnect attempt 4 failed: timed out at: 2025-10-16T04:20:35 
INFO:__main__:Reconnect attempt 5 failed: timed out at: 2025-10-16T04:20:42 
INFO:__main__:All reconnect attempts failed -waiting 10 s before retry. 2025-10-16T04:20:45
INFO:__main__:Reconnect attempt 1 failed: timed out at: 2025-10-16T04:20:59 
INFO:__main__:Reconnect attempt 2 failed: timed out at: 2025-10-16T04:21:06 
INFO:__main__:Reconnect attempt 3 failed: timed out at: 2025-10-16T04:21:13 
INFO:__main__:Reconnect attempt 4 failed: timed out at: 2025-10-16T04:21:20 
INFO:__main__:Reconnect attempt 5 failed: timed out at: 2025-10-16T04:21:27 
INFO:__main__:All reconnect attempts failed -waiting 10 s before retry. 2025-10-16T04:21:30
INFO:__main__:Reconnect attempt 1 failed: timed out at: 2025-10-16T04:21:44 
INFO:__main__:Reconnect attempt 2 failed: timed out at: 2025-10-16T04:21:51 
INFO:__main__:Reconnect attempt 3 failed: timed out at: 2025-10-16T04:21:58 
INFO:__main__:Reconnect attempt 4 failed: timed out at: 2025-10-16T04:22:05 
INFO:__main__:Reconnect attempt 5 failed: timed out at: 2025-10-16T04:22:12 
INFO:__main__:All reconnect attempts failed -waiting 10 s before retry. 2025-10-16T04:22:15
INFO:__main__:Reconnect attempt 1 failed: timed out at: 2025-10-16T04:22:29 
INFO:__main__:Reconnect attempt 2 failed: timed out at: 2025-10-16T04:22:36 
INFO:__main__:Reconnect attempt 3 failed: timed out at: 2025-10-16T04:22:43 
INFO:__main__:Reconnect attempt 4 failed: timed out at: 2025-10-16T04:22:50 
INFO:__main__:Reconnect attempt 5 failed: timed out at: 2025-10-16T04:22:57 
INFO:__main__:All reconnect attempts failed -waiting 10 s before retry. 2025-10-16T04:23:00
INFO:__main__:Reconnect attempt 1 failed: timed out at: 2025-10-16T04:23:14 
INFO:__main__:Reconnect attempt 2 failed: timed out at: 2025-10-16T04:23:21 
INFO:__main__:Reconnect attempt 3 failed: timed out at: 2025-10-16T04:23:28 
INFO:__main__:Reconnect attempt 4 failed: timed out at: 2025-10-16T04:23:35 
INFO:__main__:Reconnect attempt 5 failed: timed out at: 2025-10-16T04:23:42 
INFO:__main__:All reconnect attempts failed -waiting 10 s before retry. 2025-10-16T04:23:45
INFO:__main__:Reconnect attempt 1 failed: timed out at: 2025-10-16T04:23:59 
INFO:__main__:Reconnect attempt 2 failed: timed out at: 2025-10-16T04:24:06 
INFO:__main__:Reconnect attempt 3 failed: timed out at: 2025-10-16T04:24:13 
INFO:__main__:Reconnect attempt 4 failed: timed out at: 2025-10-16T04:24:20 
INFO:__main__:Reconnect attempt 5 failed: timed out at: 2025-10-16T04:24:27 
INFO:__main__:All reconnect attempts failed -waiting 10 s before retry. 2025-10-16T04:24:30
INFO:__main__:Reconnect attempt 1 failed: timed out at: 2025-10-16T04:24:44 
INFO:__main__:Reconnect attempt 2 failed: timed out at: 2025-10-16T04:24:51 
INFO:__main__:Reconnect attempt 3 failed: timed out at: 2025-10-16T04:24:58 
INFO:__main__:Reconnect attempt 4 failed: timed out at: 2025-10-16T04:25:05 
INFO:__main__:Reconnect attempt 5 failed: timed out at: 2025-10-16T04:25:12 
INFO:__main__:All reconnect attempts failed -waiting 10 s before retry. 2025-10-16T04:25:15
INFO:__main__:Reconnect attempt 1 failed: timed out at: 2025-10-16T04:25:29 
INFO:__main__:Reconnect attempt 2 failed: timed out at: 2025-10-16T04:25:36 
INFO:__main__:Reconnect attempt 3 failed: timed out at: 2025-10-16T04:25:43 
INFO:__main__:Reconnect attempt 4 failed: timed out at: 2025-10-16T04:25:50 
INFO:__main__:Reconnect attempt 5 failed: timed out at: 2025-10-16T04:25:57 
INFO:__main__:All reconnect attempts failed -waiting 10 s before retry. 2025-10-16T04:26:00
INFO:__main__:Reconnect attempt 1 failed: timed out at: 2025-10-16T04:26:14 
INFO:__main__:Reconnect attempt 2 failed: timed out at: 2025-10-16T04:26:21 
INFO:__main__:Reconnect attempt 3 failed: timed out at: 2025-10-16T04:26:28 
INFO:__main__:Reconnect attempt 4 failed: timed out at: 2025-10-16T04:26:35 
INFO:__main__:Reconnect attempt 5 failed: timed out at: 2025-10-16T04:26:42 
INFO:__main__:All reconnect attempts failed -waiting 10 s before retry. 2025-10-16T04:26:45
INFO:__main__:Reconnect attempt 1 failed: timed out at: 2025-10-16T04:26:59 
INFO:__main__:Reconnect attempt 2 failed: timed out at: 2025-10-16T04:27:06 
INFO:__main__:Reconnect attempt 3 failed: timed out at: 2025-10-16T04:27:13 
INFO:__main__:Reconnect attempt 4 failed: timed out at: 2025-10-16T04:27:20 
INFO:__main__:Reconnect attempt 5 failed: timed out at: 2025-10-16T04:27:27 
INFO:__main__:All reconnect attempts failed -waiting 10 s before retry. 2025-10-16T04:27:30
INFO:__main__:Reconnect attempt 1 failed: timed out at: 2025-10-16T04:27:44 
INFO:__main__:Reconnect attempt 2 failed: timed out at: 2025-10-16T04:27:51 
INFO:__main__:Reconnect attempt 3 failed: timed out at: 2025-10-16T04:27:58 
INFO:__main__:Reconnect attempt 4 failed: timed out at: 2025-10-16T04:28:05 
INFO:__main__:Reconnect attempt 5 failed: timed out at: 2025-10-16T04:28:12 
INFO:__main__:All reconnect attempts failed -waiting 10 s before retry. 2025-10-16T04:28:15
INFO:__main__:Reconnect attempt 1 failed: timed out at: 2025-10-16T04:28:29 
INFO:__main__:Reconnect attempt 2 failed: timed out at: 2025-10-16T04:28:36 
INFO:__main__:Reconnect attempt 3 failed: timed out at: 2025-10-16T04:28:43 
INFO:__main__:Reconnect attempt 4 failed: timed out at: 2025-10-16T04:28:50 
INFO:__main__:Reconnect attempt 5 failed: timed out at: 2025-10-16T04:28:57 
INFO:__main__:All reconnect attempts failed -waiting 10 s before retry. 2025-10-16T04:29:00
INFO:__main__:Reconnect attempt 1 failed: timed out at: 2025-10-16T04:29:14 
INFO:__main__:Reconnect attempt 2 failed: timed out at: 2025-10-16T04:29:21 
INFO:__main__:Reconnect attempt 3 failed: timed out at: 2025-10-16T04:29:28 
INFO:__main__:Reconnect attempt 4 failed: timed out at: 2025-10-16T04:29:35 
INFO:__main__:Reconnect attempt 5 failed: timed out at: 2025-10-16T04:29:42 
INFO:__main__:All reconnect attempts failed -waiting 10 s before retry. 2025-10-16T04:29:45
INFO:__main__:Reconnect attempt 1 failed: timed out at: 2025-10-16T04:29:59 
INFO:__main__:Reconnect attempt 2 failed: timed out at: 2025-10-16T04:30:06 
INFO:__main__:Reconnect attempt 3 failed: timed out at: 2025-10-16T04:30:13 
INFO:__main__:Reconnect attempt 4 failed: timed out at: 2025-10-16T04:30:20 
INFO:__main__:Reconnect attempt 5 failed: timed out at: 2025-10-16T04:30:27 
INFO:__main__:All reconnect attempts failed -waiting 10 s before retry. 2025-10-16T04:30:30
INFO:__main__:Reconnect attempt 1 failed: timed out at: 2025-10-16T04:30:44 
INFO:__main__:Reconnect attempt 2 failed: timed out at: 2025-10-16T04:30:51 
INFO:__main__:Reconnect attempt 3 failed: timed out at: 2025-10-16T04:30:58 
INFO:__main__:Reconnect attempt 4 failed: timed out at: 2025-10-16T04:31:05 
INFO:__main__:Reconnect attempt 5 failed: timed out at: 2025-10-16T04:31:12 
INFO:__main__:All reconnect attempts failed -waiting 10 s before retry. 2025-10-16T04:31:15
INFO:__main__:Reconnect attempt 1 failed: timed out at: 2025-10-16T04:31:29 
INFO:__main__:Reconnect attempt 2 failed: timed out at: 2025-10-16T04:31:36 
INFO:__main__:Reconnect attempt 3 failed: timed out at: 2025-10-16T04:31:43 
INFO:__main__:Reconnect attempt 4 failed: timed out at: 2025-10-16T04:31:50 
INFO:__main__:Reconnect attempt 5 failed: timed out at: 2025-10-16T04:31:57 
INFO:__main__:All reconnect attempts failed -waiting 10 s before retry. 2025-10-16T04:32:00
INFO:__main__:Reconnect attempt 1 failed: timed out at: 2025-10-16T04:32:14 
INFO:__main__:Reconnect attempt 2 failed: timed out at: 2025-10-16T04:32:21 
INFO:__main__:Reconnect attempt 3 failed: timed out at: 2025-10-16T04:32:28 
INFO:__main__:Reconnect attempt 4 failed: timed out at: 2025-10-16T04:32:35 
INFO:__main__:Reconnect attempt 5 failed: timed out at: 2025-10-16T04:32:42 
INFO:__main__:All reconnect attempts failed -waiting 10 s before retry. 2025-10-16T04:32:45
INFO:__main__:Reconnect attempt 1 failed: timed out at: 2025-10-16T04:32:59 
INFO:__main__:Reconnect attempt 2 failed: timed out at: 2025-10-16T04:33:06 
INFO:__main__:Reconnect attempt 3 failed: timed out at: 2025-10-16T04:33:13 
INFO:__main__:Reconnect attempt 4 failed: timed out at: 2025-10-16T04:33:20 
INFO:__main__:Reconnect attempt 5 failed: timed out at: 2025-10-16T04:33:27 
INFO:__main__:All reconnect attempts failed -waiting 10 s before retry. 2025-10-16T04:33:30
INFO:__main__:Reconnect attempt 1 failed: timed out at: 2025-10-16T04:33:44 
INFO:__main__:Reconnect attempt 2 failed: timed out at: 2025-10-16T04:33:51 
INFO:__main__:Reconnect attempt 3 failed: timed out at: 2025-10-16T04:33:58 
INFO:__main__:Reconnect attempt 4 failed: timed out at: 2025-10-16T04:34:05 
INFO:__main__:Reconnect attempt 5 failed: timed out at: 2025-10-16T04:34:12 
INFO:__main__:All reconnect attempts failed -waiting 10 s before retry. 2025-10-16T04:34:15
INFO:__main__:Reconnect attempt 1 failed: timed out at: 2025-10-16T04:34:29 
INFO:__main__:Reconnect attempt 2 failed: timed out at: 2025-10-16T04:34:36 
INFO:__main__:Reconnect attempt 3 failed: timed out at: 2025-10-16T04:34:43 
INFO:__main__:Reconnect attempt 4 failed: timed out at: 2025-10-16T04:34:50 
INFO:__main__:Reconnect attempt 5 failed: timed out at: 2025-10-16T04:34:57 
INFO:__main__:All reconnect attempts failed -waiting 10 s before retry. 2025-10-16T04:35:00
INFO:__main__:Reconnect attempt 1 failed: timed out at: 2025-10-16T04:35:14 
INFO:__main__:Reconnect attempt 2 failed: timed out at: 2025-10-16T04:35:21 
INFO:__main__:Reconnect attempt 3 failed: timed out at: 2025-10-16T04:35:28 
INFO:__main__:Reconnect attempt 4 failed: timed out at: 2025-10-16T04:35:35 
INFO:__main__:Reconnect attempt 5 failed: timed out at: 2025-10-16T04:35:42 
INFO:__main__:All reconnect attempts failed -waiting 10 s before retry. 2025-10-16T04:35:45
INFO:__main__:Reconnect attempt 1 failed: timed out at: 2025-10-16T04:35:59 
INFO:__main__:Reconnect attempt 2 failed: timed out at: 2025-10-16T04:36:06 
INFO:__main__:Reconnect attempt 3 failed: timed out at: 2025-10-16T04:36:13 
INFO:__main__:Reconnect attempt 4 failed: timed out at: 2025-10-16T04:36:20 
INFO:__main__:Reconnect attempt 5 failed: timed out at: 2025-10-16T04:36:28 
INFO:__main__:All reconnect attempts failed -waiting 10 s before retry. 2025-10-16T04:36:31
INFO:__main__:Reconnect attempt 1 failed: timed out at: 2025-10-16T04:36:45 
INFO:__main__:Reconnect attempt 2 failed: timed out at: 2025-10-16T04:36:52 
INFO:__main__:Reconnect attempt 3 failed: timed out at: 2025-10-16T04:36:59 
INFO:__main__:Reconnect attempt 4 failed: timed out at: 2025-10-16T04:37:06 
INFO:__main__:Reconnect attempt 5 failed: timed out at: 2025-10-16T04:37:13 
INFO:__main__:All reconnect attempts failed -waiting 10 s before retry. 2025-10-16T04:37:16
INFO:__main__:Reconnect attempt 1 failed: timed out at: 2025-10-16T04:37:30 
INFO:__main__:Reconnect attempt 2 failed: timed out at: 2025-10-16T04:37:37 
INFO:__main__:Reconnect attempt 3 failed: timed out at: 2025-10-16T04:37:44 
INFO:__main__:Reconnect attempt 4 failed: timed out at: 2025-10-16T04:37:51 
INFO:__main__:Reconnect attempt 5 failed: timed out at: 2025-10-16T04:37:58 
INFO:__main__:All reconnect attempts failed -waiting 10 s before retry. 2025-10-16T04:38:01
INFO:__main__:Reconnect attempt 1 failed: timed out at: 2025-10-16T04:38:15 
INFO:__main__:Reconnect attempt 2 failed: timed out at: 2025-10-16T04:38:22 
INFO:__main__:Reconnect attempt 3 failed: timed out at: 2025-10-16T04:38:29 
INFO:__main__:Reconnect attempt 4 failed: timed out at: 2025-10-16T04:38:36 
INFO:__main__:Reconnect attempt 5 failed: timed out at: 2025-10-16T04:38:43 
INFO:__main__:All reconnect attempts failed -waiting 10 s before retry. 2025-10-16T04:38:46
INFO:__main__:Reconnect attempt 1 failed: timed out at: 2025-10-16T04:39:00 
INFO:__main__:Reconnect attempt 2 failed: timed out at: 2025-10-16T04:39:07 
INFO:__main__:Reconnect attempt 3 failed: timed out at: 2025-10-16T04:39:14 
INFO:__main__:Reconnect attempt 4 failed: timed out at: 2025-10-16T04:39:21 
INFO:__main__:Reconnect attempt 5 failed: timed out at: 2025-10-16T04:39:28 
INFO:__main__:All reconnect attempts failed -waiting 10 s before retry. 2025-10-16T04:39:31
INFO:__main__:Reconnect attempt 1 failed: timed out at: 2025-10-17T10:11:40 
INFO:__main__:Reconnect attempt 2 failed: timed out at: 2025-10-17T10:11:47 
INFO:__main__:Reconnect attempt 3 failed: timed out at: 2025-10-17T10:11:54 
INFO:__main__:Reconnect attempt 4 failed: timed out at: 2025-10-17T10:12:01 
INFO:__main__:Reconnect attempt 5 failed: timed out at: 2025-10-17T10:12:08 
INFO:__main__:All reconnect attempts failed -waiting 10 s before retry. 2025-10-17T10:12:11
INFO:__main__:Reconnected. 2025-10-17T11:15:19
INFO:__main__:Reconnected. 2025-10-17T11:20:21
INFO:__main__:Reconnected. 2025-10-17T12:19:00
INFO:__main__:Reconnect attempt 1 failed: [Errno 101] Network is unreachable at: 2025-10-17T12:24:10 
INFO:__main__:Reconnect attempt 2 failed: [Errno 101] Network is unreachable at: 2025-10-17T12:24:13 
INFO:__main__:Reconnected. 2025-10-17T12:24:16
INFO:__main__:Reconnect attempt 1 failed: [Errno 101] Network is unreachable at: 2025-10-17T16:15:35 
INFO:__main__:Reconnect attempt 2 failed: [Errno 101] Network is unreachable at: 2025-10-17T16:15:38 
INFO:__main__:Reconnect attempt 3 failed: [Errno 101] Network is unreachable at: 2025-10-17T16:15:41 
INFO:__main__:Reconnect attempt 4 failed: [Errno 113] No route to host at: 2025-10-17T16:15:47 
INFO:__main__:Reconnect attempt 5 failed: [Errno 113] No route to host at: 2025-10-17T16:15:53 
INFO:__main__:All reconnect attempts failed -waiting 10 s before retry. 2025-10-17T16:15:56
INFO:__main__:Reconnect attempt 1 failed: [Errno 113] No route to host at: 2025-10-17T16:16:09 
INFO:__main__:Reconnect attempt 2 failed: [Errno 113] No route to host at: 2025-10-17T16:16:15 
INFO:__main__:Reconnect attempt 3 failed: [Errno 113] No route to host at: 2025-10-17T16:16:21 
INFO:__main__:Reconnect attempt 4 failed: [Errno 113] No route to host at: 2025-10-17T16:16:27 
INFO:__main__:Reconnect attempt 5 failed: [Errno 113] No route to host at: 2025-10-17T16:16:33 
INFO:__main__:All reconnect attempts failed -waiting 10 s before retry. 2025-10-17T16:16:36
INFO:__main__:Reconnect attempt 1 failed: [Errno 113] No route to host at: 2025-10-17T16:16:49 
INFO:__main__:Reconnect attempt 2 failed: [Errno 113] No route to host at: 2025-10-17T16:16:55 
INFO:__main__:Reconnect attempt 3 failed: [Errno 113] No route to host at: 2025-10-17T16:17:02 
INFO:__main__:Reconnect attempt 4 failed: [Errno 113] No route to host at: 2025-10-17T16:17:08 
INFO:__main__:Reconnect attempt 5 failed: [Errno 113] No route to host at: 2025-10-17T16:17:14 
INFO:__main__:All reconnect attempts failed -waiting 10 s before retry. 2025-10-17T16:17:17
INFO:__main__:Reconnect attempt 1 failed: [Errno 113] No route to host at: 2025-10-17T16:17:30 
INFO:__main__:Reconnect attempt 2 failed: [Errno 113] No route to host at: 2025-10-17T16:17:36 
INFO:__main__:Reconnect attempt 3 failed: [Errno 113] No route to host at: 2025-10-17T16:17:42 
INFO:__main__:Reconnect attempt 4 failed: [Errno 113] No route to host at: 2025-10-17T16:17:48 
INFO:__main__:Reconnect attempt 5 failed: [Errno 113] No route to host at: 2025-10-17T16:17:54 
INFO:__main__:All reconnect attempts failed -waiting 10 s before retry. 2025-10-17T16:17:57
INFO:__main__:Reconnect attempt 1 failed: [Errno 113] No route to host at: 2025-10-17T16:18:10 
INFO:__main__:Reconnect attempt 2 failed: [Errno 113] No route to host at: 2025-10-17T16:18:16 
INFO:__main__:Reconnect attempt 3 failed: [Errno 113] No route to host at: 2025-10-17T16:18:22 
INFO:__main__:Reconnect attempt 4 failed: [Errno 113] No route to host at: 2025-10-17T16:18:28 
INFO:__main__:Reconnect attempt 5 failed: [Errno 113] No route to host at: 2025-10-17T16:18:35 
INFO:__main__:All reconnect attempts failed -waiting 10 s before retry. 2025-10-17T16:18:38
INFO:__main__:Reconnect attempt 1 failed: [Errno 113] No route to host at: 2025-10-17T16:18:51 
INFO:__main__:Reconnect attempt 2 failed: [Errno 113] No route to host at: 2025-10-17T16:18:54 
INFO:__main__:Reconnect attempt 3 failed: [Errno 113] No route to host at: 2025-10-17T16:19:00 
INFO:__main__:Reconnect attempt 4 failed: [Errno 113] No route to host at: 2025-10-17T16:19:06 
INFO:__main__:Reconnect attempt 5 failed: [Errno 113] No route to host at: 2025-10-17T16:19:12 
INFO:__main__:All reconnect attempts failed -waiting 10 s before retry. 2025-10-17T16:19:15
INFO:__main__:Reconnect attempt 1 failed: [Errno 113] No route to host at: 2025-10-17T16:19:28 
INFO:__main__:Reconnect attempt 2 failed: [Errno 113] No route to host at: 2025-10-17T16:19:34 
INFO:__main__:Reconnect attempt 3 failed: [Errno 113] No route to host at: 2025-10-17T16:19:40 
INFO:__main__:Reconnect attempt 4 failed: [Errno 113] No route to host at: 2025-10-17T16:19:46 
INFO:__main__:Reconnect attempt 5 failed: [Errno 113] No route to host at: 2025-10-17T16:19:52 
INFO:__main__:All reconnect attempts failed -waiting 10 s before retry. 2025-10-17T16:19:55
INFO:__main__:Reconnect attempt 1 failed: [Errno 113] No route to host at: 2025-10-17T16:20:08 
INFO:__main__:Reconnect attempt 2 failed: [Errno 113] No route to host at: 2025-10-17T16:20:14 
INFO:__main__:Reconnect attempt 3 failed: [Errno 113] No route to host at: 2025-10-17T16:20:20 
INFO:__main__:Reconnect attempt 4 failed: [Errno 113] No route to host at: 2025-10-17T16:20:27 
INFO:__main__:Reconnect attempt 1 failed: [Errno 101] Network is unreachable at: 2025-10-17T16:21:13 
INFO:__main__:Reconnect attempt 2 failed: [Errno 101] Network is unreachable at: 2025-10-17T16:21:16 
INFO:__main__:Reconnect attempt 3 failed: [Errno 101] Network is unreachable at: 2025-10-17T16:21:19 
INFO:__main__:Reconnect attempt 4 failed: [Errno 113] No route to host at: 2025-10-17T16:21:25 
INFO:__main__:Reconnect attempt 5 failed: [Errno 113] No route to host at: 2025-10-17T16:21:31 
INFO:__main__:All reconnect attempts failed -waiting 10 s before retry. 2025-10-17T16:21:34
INFO:__main__:Reconnect attempt 1 failed: [Errno 113] No route to host at: 2025-10-17T16:21:47 
INFO:__main__:Reconnect attempt 2 failed: [Errno 113] No route to host at: 2025-10-17T16:21:53 
INFO:__main__:Reconnect attempt 3 failed: [Errno 113] No route to host at: 2025-10-17T16:21:59 
INFO:__main__:Reconnect attempt 4 failed: [Errno 113] No route to host at: 2025-10-17T16:22:05 
INFO:__main__:Reconnect attempt 5 failed: [Errno 113] No route to host at: 2025-10-17T16:22:11 
INFO:__main__:All reconnect attempts failed -waiting 10 s before retry. 2025-10-17T16:22:14
INFO:__main__:Reconnect attempt 1 failed: [Errno 113] No route to host at: 2025-10-17T16:22:27 
INFO:__main__:Reconnect attempt 2 failed: [Errno 113] No route to host at: 2025-10-17T16:22:33 
INFO:__main__:Reconnect attempt 3 failed: [Errno 113] No route to host at: 2025-10-17T16:22:39 
INFO:__main__:Reconnect attempt 4 failed: [Errno 113] No route to host at: 2025-10-17T16:22:45 
INFO:__main__:Reconnect attempt 5 failed: [Errno 113] No route to host at: 2025-10-17T16:22:52 
INFO:__main__:All reconnect attempts failed -waiting 10 s before retry. 2025-10-17T16:22:55
INFO:__main__:Reconnect attempt 1 failed: [Errno 113] No route to host at: 2025-10-17T16:23:08 
INFO:__main__:Reconnect attempt 2 failed: [Errno 113] No route to host at: 2025-10-17T16:23:14 
INFO:__main__:Reconnect attempt 3 failed: [Errno 113] No route to host at: 2025-10-17T16:23:20 
INFO:__main__:Reconnect attempt 4 failed: [Errno 113] No route to host at: 2025-10-17T16:23:26 
INFO:__main__:Reconnect attempt 5 failed: [Errno 113] No route to host at: 2025-10-17T16:23:32 
INFO:__main__:All reconnect attempts failed -waiting 10 s before retry. 2025-10-17T16:23:35
INFO:__main__:Reconnect attempt 1 failed: [Errno 113] No route to host at: 2025-10-17T16:23:48 
INFO:__main__:Reconnect attempt 2 failed: [Errno 113] No route to host at: 2025-10-17T16:23:54 
INFO:__main__:Reconnect attempt 3 failed: [Errno 113] No route to host at: 2025-10-17T16:24:00 
INFO:__main__:Reconnect attempt 4 failed: [Errno 113] No route to host at: 2025-10-17T16:24:06 
INFO:__main__:Reconnect attempt 5 failed: [Errno 113] No route to host at: 2025-10-17T16:24:12 
INFO:__main__:All reconnect attempts failed -waiting 10 s before retry. 2025-10-17T16:24:15
INFO:__main__:Reconnect attempt 1 failed: [Errno 113] No route to host at: 2025-10-17T16:24:28 
INFO:__main__:Reconnect attempt 2 failed: [Errno 113] No route to host at: 2025-10-17T16:24:34 
INFO:__main__:Reconnect attempt 3 failed: [Errno 113] No route to host at: 2025-10-17T16:24:41 
INFO:__main__:Reconnect attempt 4 failed: [Errno 113] No route to host at: 2025-10-17T16:24:44 
INFO:__main__:Reconnect attempt 1 failed: [Errno 113] No route to host at: 2025-10-17T16:24:44 
INFO:__main__:Reconnect attempt 5 failed: [Errno 113] No route to host at: 2025-10-17T16:24:50 
INFO:__main__:All reconnect attempts failed -waiting 10 s before retry. 2025-10-17T16:24:53
INFO:__main__:Reconnect attempt 1 failed: [Errno 113] No route to host at: 2025-10-17T16:25:06 
INFO:__main__:Reconnected. 2025-10-17T16:25:07
INFO:__main__:Reconnect attempt 2 failed: [Errno 113] No route to host at: 2025-10-17T16:25:12 
INFO:__main__:Reconnect attempt 3 failed: [Errno 113] No route to host at: 2025-10-17T16:25:18 
INFO:__main__:Reconnect attempt 4 failed: [Errno 113] No route to host at: 2025-10-17T16:25:25 
INFO:__main__:Reconnect attempt 5 failed: [Errno 113] No route to host at: 2025-10-17T16:25:31 
INFO:__main__:All reconnect attempts failed -waiting 10 s before retry. 2025-10-17T16:25:34
INFO:__main__:Reconnect attempt 1 failed: [Errno 113] No route to host at: 2025-10-17T16:25:47 
INFO:__main__:Reconnect attempt 2 failed: [Errno 113] No route to host at: 2025-10-17T16:25:53 
INFO:__main__:Reconnect attempt 3 failed: [Errno 113] No route to host at: 2025-10-17T16:25:59 
INFO:__main__:Reconnect attempt 4 failed: [Errno 113] No route to host at: 2025-10-17T16:26:05 
INFO:__main__:Reconnect attempt 5 failed: [Errno 113] No route to host at: 2025-10-17T16:26:11 
INFO:__main__:All reconnect attempts failed -waiting 10 s before retry. 2025-10-17T16:26:14
INFO:__main__:Reconnect attempt 1 failed: [Errno 113] No route to host at: 2025-10-17T16:26:27 
INFO:__main__:Reconnect attempt 2 failed: [Errno 113] No route to host at: 2025-10-17T16:26:33 
INFO:__main__:Reconnect attempt 3 failed: [Errno 113] No route to host at: 2025-10-17T16:26:39 
INFO:__main__:Reconnect attempt 4 failed: [Errno 113] No route to host at: 2025-10-17T16:26:45 
INFO:__main__:Reconnect attempt 5 failed: [Errno 113] No route to host at: 2025-10-17T16:26:51 
INFO:__main__:All reconnect attempts failed -waiting 10 s before retry. 2025-10-17T16:26:54
INFO:__main__:Reconnect attempt 1 failed: [Errno 113] No route to host at: 2025-10-17T16:27:07 
INFO:__main__:Reconnect attempt 2 failed: [Errno 113] No route to host at: 2025-10-17T16:27:14 
INFO:__main__:Reconnect attempt 3 failed: [Errno 113] No route to host at: 2025-10-17T16:27:20 
INFO:__main__:Reconnect attempt 4 failed: [Errno 113] No route to host at: 2025-10-17T16:27:26 
INFO:__main__:Reconnect attempt 5 failed: [Errno 113] No route to host at: 2025-10-17T16:27:32 
INFO:__main__:All reconnect attempts failed -waiting 10 s before retry. 2025-10-17T16:27:35
INFO:__main__:Reconnect attempt 1 failed: [Errno 113] No route to host at: 2025-10-17T16:27:48 
INFO:__main__:Reconnect attempt 2 failed: [Errno 113] No route to host at: 2025-10-17T16:27:54 
INFO:__main__:Reconnect attempt 3 failed: [Errno 113] No route to host at: 2025-10-17T16:28:00 
INFO:__main__:Reconnect attempt 4 failed: [Errno 113] No route to host at: 2025-10-17T16:28:06 
INFO:__main__:Reconnect attempt 5 failed: [Errno 113] No route to host at: 2025-10-17T16:28:12 
INFO:__main__:All reconnect attempts failed -waiting 10 s before retry. 2025-10-17T16:28:15
INFO:__main__:Reconnect attempt 1 failed: [Errno 113] No route to host at: 2025-10-17T16:28:28 
INFO:__main__:Reconnect attempt 2 failed: [Errno 113] No route to host at: 2025-10-17T16:28:34 
INFO:__main__:Reconnect attempt 3 failed: [Errno 113] No route to host at: 2025-10-17T16:28:40 
INFO:__main__:Reconnect attempt 4 failed: [Errno 113] No route to host at: 2025-10-17T16:28:46 
INFO:__main__:Reconnect attempt 5 failed: [Errno 113] No route to host at: 2025-10-17T16:28:53 
INFO:__main__:All reconnect attempts failed -waiting 10 s before retry. 2025-10-17T16:28:56
INFO:__main__:Reconnect attempt 1 failed: [Errno 113] No route to host at: 2025-10-17T16:29:09 
INFO:__main__:Reconnect attempt 2 failed: [Errno 113] No route to host at: 2025-10-17T16:29:15 
INFO:__main__:Reconnect attempt 3 failed: [Errno 113] No route to host at: 2025-10-17T16:29:21 
INFO:__main__:Reconnect attempt 4 failed: [Errno 113] No route to host at: 2025-10-17T16:29:27 
INFO:__main__:Reconnect attempt 5 failed: [Errno 113] No route to host at: 2025-10-17T16:29:33 
INFO:__main__:All reconnect attempts failed -waiting 10 s before retry. 2025-10-17T16:29:36
INFO:__main__:Reconnect attempt 1 failed: [Errno 113] No route to host at: 2025-10-17T16:29:49 
INFO:__main__:Reconnect attempt 2 failed: [Errno 113] No route to host at: 2025-10-17T16:29:55 
INFO:__main__:Reconnect attempt 3 failed: [Errno 113] No route to host at: 2025-10-17T16:30:01 
INFO:__main__:Reconnect attempt 4 failed: [Errno 113] No route to host at: 2025-10-17T16:30:07 
INFO:__main__:Reconnect attempt 5 failed: [Errno 113] No route to host at: 2025-10-17T16:30:13 
INFO:__main__:All reconnect attempts failed -waiting 10 s before retry. 2025-10-17T16:30:16
INFO:__main__:Reconnect attempt 1 failed: [Errno 113] No route to host at: 2025-10-17T16:30:29 
INFO:__main__:Reconnect attempt 2 failed: [Errno 113] No route to host at: 2025-10-17T16:30:35 
INFO:__main__:Reconnect attempt 3 failed: [Errno 113] No route to host at: 2025-10-17T16:30:42 
INFO:__main__:Reconnect attempt 4 failed: [Errno 113] No route to host at: 2025-10-17T16:30:48 
INFO:__main__:Reconnect attempt 5 failed: [Errno 113] No route to host at: 2025-10-17T16:30:54 
INFO:__main__:All reconnect attempts failed -waiting 10 s before retry. 2025-10-17T16:30:57
INFO:__main__:Reconnect attempt 1 failed: [Errno 113] No route to host at: 2025-10-17T16:31:10 
INFO:__main__:Reconnect attempt 2 failed: [Errno 113] No route to host at: 2025-10-17T16:31:16 
INFO:__main__:Reconnect attempt 3 failed: [Errno 113] No route to host at: 2025-10-17T16:31:22 
INFO:__main__:Reconnect attempt 4 failed: [Errno 113] No route to host at: 2025-10-17T16:31:28 
INFO:__main__:Reconnect attempt 5 failed: [Errno 113] No route to host at: 2025-10-17T16:31:34 
INFO:__main__:All reconnect attempts failed -waiting 10 s before retry. 2025-10-17T16:31:37
INFO:__main__:Reconnect attempt 1 failed: [Errno 113] No route to host at: 2025-10-17T16:31:50 
INFO:__main__:Reconnect attempt 2 failed: [Errno 113] No route to host at: 2025-10-17T16:31:56 
INFO:__main__:Reconnect attempt 3 failed: [Errno 113] No route to host at: 2025-10-17T16:32:02 
INFO:__main__:Reconnect attempt 4 failed: [Errno 113] No route to host at: 2025-10-17T16:32:08 
INFO:__main__:Reconnect attempt 5 failed: [Errno 113] No route to host at: 2025-10-17T16:32:14 
INFO:__main__:All reconnect attempts failed -waiting 10 s before retry. 2025-10-17T16:32:17
INFO:__main__:Reconnect attempt 1 failed: [Errno 113] No route to host at: 2025-10-17T16:32:31 
INFO:__main__:Reconnect attempt 2 failed: [Errno 113] No route to host at: 2025-10-17T16:32:37 
INFO:__main__:Reconnect attempt 3 failed: [Errno 113] No route to host at: 2025-10-17T16:32:43 
INFO:__main__:Reconnect attempt 4 failed: [Errno 113] No route to host at: 2025-10-17T16:32:49 
INFO:__main__:Reconnect attempt 5 failed: [Errno 113] No route to host at: 2025-10-17T16:32:55 
INFO:__main__:All reconnect attempts failed -waiting 10 s before retry. 2025-10-17T16:32:58
INFO:__main__:Reconnect attempt 1 failed: [Errno 113] No route to host at: 2025-10-17T16:33:11 
INFO:__main__:Reconnect attempt 2 failed: [Errno 113] No route to host at: 2025-10-17T16:33:17 
INFO:__main__:Reconnect attempt 3 failed: [Errno 113] No route to host at: 2025-10-17T16:33:23 
INFO:__main__:Reconnect attempt 4 failed: [Errno 113] No route to host at: 2025-10-17T16:33:29 
INFO:__main__:Reconnect attempt 5 failed: [Errno 113] No route to host at: 2025-10-17T16:33:35 
INFO:__main__:All reconnect attempts failed -waiting 10 s before retry. 2025-10-17T16:33:38
INFO:__main__:Reconnect attempt 1 failed: [Errno 113] No route to host at: 2025-10-17T16:33:51 
INFO:__main__:Reconnect attempt 2 failed: [Errno 113] No route to host at: 2025-10-17T16:33:57 
INFO:__main__:Reconnect attempt 3 failed: [Errno 113] No route to host at: 2025-10-17T16:34:03 
INFO:__main__:Reconnect attempt 4 failed: [Errno 113] No route to host at: 2025-10-17T16:34:10 
INFO:__main__:Reconnect attempt 5 failed: [Errno 113] No route to host at: 2025-10-17T16:34:16 
INFO:__main__:All reconnect attempts failed -waiting 10 s before retry. 2025-10-17T16:34:19
INFO:__main__:Reconnect attempt 1 failed: [Errno 113] No route to host at: 2025-10-17T16:34:32 
INFO:__main__:Reconnect attempt 2 failed: [Errno 113] No route to host at: 2025-10-17T16:34:38 
INFO:__main__:Reconnect attempt 3 failed: [Errno 113] No route to host at: 2025-10-17T16:34:44 
INFO:__main__:Reconnect attempt 4 failed: [Errno 113] No route to host at: 2025-10-17T16:34:50 
INFO:__main__:Reconnect attempt 5 failed: [Errno 113] No route to host at: 2025-10-17T16:34:56 
INFO:__main__:All reconnect attempts failed -waiting 10 s before retry. 2025-10-17T16:34:59
INFO:__main__:Reconnect attempt 1 failed: [Errno 113] No route to host at: 2025-10-17T16:35:12 
INFO:__main__:Reconnect attempt 2 failed: [Errno 113] No route to host at: 2025-10-17T16:35:18 
INFO:__main__:Reconnect attempt 3 failed: [Errno 113] No route to host at: 2025-10-17T16:35:24 
INFO:__main__:Reconnect attempt 4 failed: [Errno 113] No route to host at: 2025-10-17T16:35:30 
INFO:__main__:Reconnect attempt 5 failed: [Errno 113] No route to host at: 2025-10-17T16:35:36 
INFO:__main__:All reconnect attempts failed -waiting 10 s before retry. 2025-10-17T16:35:39
INFO:__main__:Reconnect attempt 1 failed: [Errno 113] No route to host at: 2025-10-17T16:35:52 
INFO:__main__:Reconnect attempt 2 failed: [Errno 113] No route to host at: 2025-10-17T16:35:58 
INFO:__main__:Reconnect attempt 3 failed: [Errno 113] No route to host at: 2025-10-17T16:36:05 
INFO:__main__:Reconnect attempt 4 failed: [Errno 113] No route to host at: 2025-10-17T16:36:11 
INFO:__main__:Reconnect attempt 5 failed: [Errno 113] No route to host at: 2025-10-17T16:36:17 
INFO:__main__:All reconnect attempts failed -waiting 10 s before retry. 2025-10-17T16:36:20
INFO:__main__:Reconnect attempt 1 failed: [Errno 113] No route to host at: 2025-10-17T16:36:33 
INFO:__main__:Reconnect attempt 2 failed: [Errno 113] No route to host at: 2025-10-17T16:36:39 
INFO:__main__:Reconnect attempt 3 failed: [Errno 113] No route to host at: 2025-10-17T16:36:45 
INFO:__main__:Reconnect attempt 4 failed: [Errno 113] No route to host at: 2025-10-17T16:36:51 
INFO:__main__:Reconnect attempt 5 failed: [Errno 113] No route to host at: 2025-10-17T16:36:57 
INFO:__main__:All reconnect attempts failed -waiting 10 s before retry. 2025-10-17T16:37:00
INFO:__main__:Reconnect attempt 1 failed: [Errno 113] No route to host at: 2025-10-17T16:37:13 
INFO:__main__:Reconnect attempt 2 failed: [Errno 113] No route to host at: 2025-10-17T16:37:19 
INFO:__main__:Reconnect attempt 3 failed: [Errno 113] No route to host at: 2025-10-17T16:37:25 
INFO:__main__:Reconnect attempt 4 failed: [Errno 113] No route to host at: 2025-10-17T16:37:31 
INFO:__main__:Reconnect attempt 5 failed: [Errno 113] No route to host at: 2025-10-17T16:37:38 
INFO:__main__:All reconnect attempts failed -waiting 10 s before retry. 2025-10-17T16:37:41
INFO:__main__:Reconnect attempt 1 failed: [Errno 113] No route to host at: 2025-10-17T16:37:54 
INFO:__main__:Reconnect attempt 2 failed: [Errno 113] No route to host at: 2025-10-17T16:38:00 
INFO:__main__:Reconnect attempt 3 failed: [Errno 113] No route to host at: 2025-10-17T16:38:06 
INFO:__main__:Reconnect attempt 4 failed: [Errno 113] No route to host at: 2025-10-17T16:38:12 
INFO:__main__:Reconnect attempt 5 failed: [Errno 113] No route to host at: 2025-10-17T16:38:18 
INFO:__main__:All reconnect attempts failed -waiting 10 s before retry. 2025-10-17T16:38:21
INFO:__main__:Reconnect attempt 1 failed: [Errno 113] No route to host at: 2025-10-17T16:38:34 
INFO:__main__:Reconnect attempt 2 failed: [Errno 113] No route to host at: 2025-10-17T16:38:40 
INFO:__main__:Reconnect attempt 3 failed: [Errno 113] No route to host at: 2025-10-17T16:38:46 
INFO:__main__:Reconnect attempt 4 failed: [Errno 113] No route to host at: 2025-10-17T16:38:52 
INFO:__main__:Reconnect attempt 5 failed: [Errno 113] No route to host at: 2025-10-17T16:38:58 
INFO:__main__:All reconnect attempts failed -waiting 10 s before retry. 2025-10-17T16:39:01
INFO:__main__:Reconnect attempt 1 failed: [Errno 113] No route to host at: 2025-10-17T16:39:14 
INFO:__main__:Reconnect attempt 2 failed: [Errno 113] No route to host at: 2025-10-17T16:39:20 
INFO:__main__:Reconnect attempt 3 failed: [Errno 113] No route to host at: 2025-10-17T16:39:26 
INFO:__main__:Reconnect attempt 4 failed: [Errno 113] No route to host at: 2025-10-17T16:39:33 
INFO:__main__:Reconnect attempt 5 failed: [Errno 113] No route to host at: 2025-10-17T16:39:39 
INFO:__main__:All reconnect attempts failed -waiting 10 s before retry. 2025-10-17T16:39:42
INFO:__main__:Reconnect attempt 1 failed: [Errno 113] No route to host at: 2025-10-17T16:39:55 
INFO:__main__:Reconnect attempt 2 failed: [Errno 113] No route to host at: 2025-10-17T16:40:01 
INFO:__main__:Reconnect attempt 3 failed: [Errno 113] No route to host at: 2025-10-17T16:40:07 
INFO:__main__:Reconnect attempt 4 failed: [Errno 113] No route to host at: 2025-10-17T16:40:13 
INFO:__main__:Reconnect attempt 5 failed: [Errno 113] No route to host at: 2025-10-17T16:40:19 
INFO:__main__:All reconnect attempts failed -waiting 10 s before retry. 2025-10-17T16:40:22
INFO:__main__:Reconnect attempt 1 failed: [Errno 113] No route to host at: 2025-10-17T16:40:35 
INFO:__main__:Reconnect attempt 2 failed: [Errno 113] No route to host at: 2025-10-17T16:40:41 
INFO:__main__:Reconnect attempt 3 failed: [Errno 113] No route to host at: 2025-10-17T16:40:47 
INFO:__main__:Reconnect attempt 4 failed: [Errno 113] No route to host at: 2025-10-17T16:40:53 
INFO:__main__:Reconnect attempt 5 failed: [Errno 113] No route to host at: 2025-10-17T16:40:59 
INFO:__main__:All reconnect attempts failed -waiting 10 s before retry. 2025-10-17T16:41:02
INFO:__main__:Reconnect attempt 1 failed: [Errno 113] No route to host at: 2025-10-17T16:41:15 
INFO:__main__:Reconnect attempt 2 failed: [Errno 113] No route to host at: 2025-10-17T16:41:22 
INFO:__main__:Reconnect attempt 3 failed: [Errno 113] No route to host at: 2025-10-17T16:41:28 
INFO:__main__:Reconnect attempt 4 failed: [Errno 113] No route to host at: 2025-10-17T16:41:34 
INFO:__main__:Reconnect attempt 5 failed: [Errno 113] No route to host at: 2025-10-17T16:41:40 
INFO:__main__:All reconnect attempts failed -waiting 10 s before retry. 2025-10-17T16:41:43
INFO:__main__:Reconnect attempt 1 failed: [Errno 113] No route to host at: 2025-10-17T16:41:56 
INFO:__main__:Reconnect attempt 2 failed: [Errno 113] No route to host at: 2025-10-17T16:42:02 
INFO:__main__:Reconnect attempt 3 failed: [Errno 113] No route to host at: 2025-10-17T16:42:08 
INFO:__main__:Reconnect attempt 4 failed: [Errno 113] No route to host at: 2025-10-17T16:42:14 
INFO:__main__:Reconnect attempt 5 failed: [Errno 113] No route to host at: 2025-10-17T16:42:20 
INFO:__main__:All reconnect attempts failed -waiting 10 s before retry. 2025-10-17T16:42:23
INFO:__main__:Reconnect attempt 1 failed: [Errno 113] No route to host at: 2025-10-17T16:42:36 
INFO:__main__:Reconnect attempt 2 failed: [Errno 113] No route to host at: 2025-10-17T16:42:42 
INFO:__main__:Reconnect attempt 3 failed: [Errno 113] No route to host at: 2025-10-17T16:42:48 
INFO:__main__:Reconnect attempt 4 failed: [Errno 113] No route to host at: 2025-10-17T16:42:54 
INFO:__main__:Reconnect attempt 5 failed: [Errno 113] No route to host at: 2025-10-17T16:43:01 
INFO:__main__:All reconnect attempts failed -waiting 10 s before retry. 2025-10-17T16:43:04
INFO:__main__:Reconnect attempt 1 failed: [Errno 113] No route to host at: 2025-10-17T16:43:17 
INFO:__main__:Reconnect attempt 2 failed: [Errno 113] No route to host at: 2025-10-17T16:43:23 
INFO:__main__:Reconnect attempt 3 failed: [Errno 113] No route to host at: 2025-10-17T16:43:29 
INFO:__main__:Reconnect attempt 4 failed: [Errno 113] No route to host at: 2025-10-17T16:43:35 
INFO:__main__:Reconnect attempt 5 failed: [Errno 113] No route to host at: 2025-10-17T16:43:41 
INFO:__main__:All reconnect attempts failed -waiting 10 s before retry. 2025-10-17T16:43:44
INFO:__main__:Reconnect attempt 1 failed: [Errno 113] No route to host at: 2025-10-17T16:43:57 
INFO:__main__:Reconnect attempt 2 failed: [Errno 113] No route to host at: 2025-10-17T16:44:03 
INFO:__main__:Reconnect attempt 3 failed: [Errno 113] No route to host at: 2025-10-17T16:44:09 
INFO:__main__:Reconnect attempt 4 failed: [Errno 113] No route to host at: 2025-10-17T16:44:15 
INFO:__main__:Reconnect attempt 5 failed: [Errno 113] No route to host at: 2025-10-17T16:44:21 
INFO:__main__:All reconnect attempts failed -waiting 10 s before retry. 2025-10-17T16:44:24
INFO:__main__:Reconnect attempt 1 failed: [Errno 113] No route to host at: 2025-10-17T16:44:37 
INFO:__main__:Reconnect attempt 2 failed: [Errno 113] No route to host at: 2025-10-17T16:44:43 
INFO:__main__:Reconnect attempt 3 failed: [Errno 113] No route to host at: 2025-10-17T16:44:50 
INFO:__main__:Reconnect attempt 4 failed: [Errno 113] No route to host at: 2025-10-17T16:44:56 
INFO:__main__:Reconnect attempt 5 failed: [Errno 113] No route to host at: 2025-10-17T16:45:02 
INFO:__main__:All reconnect attempts failed -waiting 10 s before retry. 2025-10-17T16:45:05
INFO:__main__:Reconnect attempt 1 failed: [Errno 113] No route to host at: 2025-10-17T16:45:18 
INFO:__main__:Reconnect attempt 2 failed: [Errno 113] No route to host at: 2025-10-17T16:45:24 
INFO:__main__:Reconnect attempt 3 failed: [Errno 113] No route to host at: 2025-10-17T16:45:30 
INFO:__main__:Reconnect attempt 4 failed: [Errno 113] No route to host at: 2025-10-17T16:45:36 
INFO:__main__:Reconnect attempt 5 failed: [Errno 113] No route to host at: 2025-10-17T16:45:42 
INFO:__main__:All reconnect attempts failed -waiting 10 s before retry. 2025-10-17T16:45:45
INFO:__main__:Reconnect attempt 1 failed: [Errno 113] No route to host at: 2025-10-17T16:45:58 
INFO:__main__:Reconnect attempt 2 failed: [Errno 113] No route to host at: 2025-10-17T16:46:04 
INFO:__main__:Reconnect attempt 3 failed: [Errno 113] No route to host at: 2025-10-17T16:46:10 
INFO:__main__:Reconnect attempt 4 failed: [Errno 113] No route to host at: 2025-10-17T16:46:16 
INFO:__main__:Reconnect attempt 5 failed: [Errno 113] No route to host at: 2025-10-17T16:46:22 
INFO:__main__:All reconnect attempts failed -waiting 10 s before retry. 2025-10-17T16:46:26
INFO:__main__:Reconnect attempt 1 failed: [Errno 113] No route to host at: 2025-10-17T16:46:39 
INFO:__main__:Reconnect attempt 2 failed: [Errno 113] No route to host at: 2025-10-17T16:46:45 
INFO:__main__:Reconnect attempt 3 failed: [Errno 113] No route to host at: 2025-10-17T16:46:51 
INFO:__main__:Reconnect attempt 4 failed: [Errno 113] No route to host at: 2025-10-17T16:46:57 
INFO:__main__:Reconnect attempt 5 failed: [Errno 113] No route to host at: 2025-10-17T16:47:03 
INFO:__main__:All reconnect attempts failed -waiting 10 s before retry. 2025-10-17T16:47:06
INFO:__main__:Reconnect attempt 1 failed: [Errno 113] No route to host at: 2025-10-17T16:47:19 
INFO:__main__:Reconnect attempt 2 failed: [Errno 113] No route to host at: 2025-10-17T16:47:25 
INFO:__main__:Reconnect attempt 3 failed: [Errno 113] No route to host at: 2025-10-17T16:47:31 
INFO:__main__:Reconnect attempt 4 failed: [Errno 113] No route to host at: 2025-10-17T16:47:37 
INFO:__main__:Reconnect attempt 5 failed: [Errno 113] No route to host at: 2025-10-17T16:47:43 
INFO:__main__:All reconnect attempts failed -waiting 10 s before retry. 2025-10-17T16:47:46
INFO:__main__:Reconnect attempt 1 failed: [Errno 113] No route to host at: 2025-10-17T16:47:59 
INFO:__main__:Reconnect attempt 2 failed: [Errno 113] No route to host at: 2025-10-17T16:48:05 
INFO:__main__:Reconnect attempt 3 failed: [Errno 113] No route to host at: 2025-10-17T16:48:11 
INFO:__main__:Reconnect attempt 4 failed: [Errno 113] No route to host at: 2025-10-17T16:48:18 
INFO:__main__:Reconnect attempt 5 failed: [Errno 113] No route to host at: 2025-10-17T16:48:24 
INFO:__main__:All reconnect attempts failed -waiting 10 s before retry. 2025-10-17T16:48:27
INFO:__main__:Reconnect attempt 1 failed: [Errno 113] No route to host at: 2025-10-17T16:48:40 
INFO:__main__:Reconnect attempt 2 failed: [Errno 113] No route to host at: 2025-10-17T16:48:46 
INFO:__main__:Reconnect attempt 3 failed: [Errno 113] No route to host at: 2025-10-17T16:48:52 
INFO:__main__:Reconnect attempt 4 failed: [Errno 113] No route to host at: 2025-10-17T16:48:58 
INFO:__main__:Reconnect attempt 5 failed: [Errno 113] No route to host at: 2025-10-17T16:49:04 
INFO:__main__:All reconnect attempts failed -waiting 10 s before retry. 2025-10-17T16:49:07
INFO:__main__:Reconnect attempt 1 failed: [Errno 113] No route to host at: 2025-10-17T16:49:20 
INFO:__main__:Reconnect attempt 2 failed: [Errno 113] No route to host at: 2025-10-17T16:49:26 
INFO:__main__:Reconnect attempt 3 failed: [Errno 113] No route to host at: 2025-10-17T16:49:32 
INFO:__main__:Reconnect attempt 4 failed: [Errno 113] No route to host at: 2025-10-17T16:49:38 
INFO:__main__:Reconnect attempt 5 failed: [Errno 113] No route to host at: 2025-10-17T16:49:44 
INFO:__main__:All reconnect attempts failed -waiting 10 s before retry. 2025-10-17T16:49:47
INFO:__main__:Reconnect attempt 1 failed: [Errno 113] No route to host at: 2025-10-17T16:50:00 
INFO:__main__:Reconnect attempt 2 failed: [Errno 113] No route to host at: 2025-10-17T16:50:07 
INFO:__main__:Reconnect attempt 3 failed: [Errno 113] No route to host at: 2025-10-17T16:50:13 
INFO:__main__:Reconnect attempt 4 failed: [Errno 113] No route to host at: 2025-10-17T16:50:19 
INFO:__main__:Reconnect attempt 5 failed: [Errno 113] No route to host at: 2025-10-17T16:50:25 
INFO:__main__:All reconnect attempts failed -waiting 10 s before retry. 2025-10-17T16:50:28
INFO:__main__:Reconnect attempt 1 failed: [Errno 113] No route to host at: 2025-10-17T16:50:41 
INFO:__main__:Reconnect attempt 2 failed: [Errno 113] No route to host at: 2025-10-17T16:50:47 
INFO:__main__:Reconnect attempt 3 failed: [Errno 113] No route to host at: 2025-10-17T16:50:53 
INFO:__main__:Reconnect attempt 4 failed: [Errno 113] No route to host at: 2025-10-17T16:50:59 
INFO:__main__:Reconnect attempt 5 failed: [Errno 113] No route to host at: 2025-10-17T16:51:05 
INFO:__main__:All reconnect attempts failed -waiting 10 s before retry. 2025-10-17T16:51:08
INFO:__main__:Reconnect attempt 1 failed: [Errno 113] No route to host at: 2025-10-17T16:51:21 
INFO:__main__:Reconnect attempt 2 failed: [Errno 113] No route to host at: 2025-10-17T16:51:27 
INFO:__main__:Reconnect attempt 3 failed: [Errno 113] No route to host at: 2025-10-17T16:51:33 
INFO:__main__:Reconnect attempt 4 failed: [Errno 113] No route to host at: 2025-10-17T16:51:39 
INFO:__main__:Reconnect attempt 5 failed: [Errno 113] No route to host at: 2025-10-17T16:51:46 
INFO:__main__:All reconnect attempts failed -waiting 10 s before retry. 2025-10-17T16:51:49
INFO:__main__:Reconnect attempt 1 failed: [Errno 113] No route to host at: 2025-10-17T16:52:02 
INFO:__main__:Reconnect attempt 2 failed: [Errno 113] No route to host at: 2025-10-17T16:52:08 
INFO:__main__:Reconnect attempt 3 failed: [Errno 113] No route to host at: 2025-10-17T16:52:14 
INFO:__main__:Reconnect attempt 4 failed: [Errno 113] No route to host at: 2025-10-17T16:52:20 
INFO:__main__:Reconnect attempt 5 failed: [Errno 113] No route to host at: 2025-10-17T16:52:26 
INFO:__main__:All reconnect attempts failed -waiting 10 s before retry. 2025-10-17T16:52:29
INFO:__main__:Reconnect attempt 1 failed: [Errno 113] No route to host at: 2025-10-17T16:52:42 
INFO:__main__:Reconnect attempt 2 failed: [Errno 113] No route to host at: 2025-10-17T16:52:48 
INFO:__main__:Reconnect attempt 3 failed: [Errno 113] No route to host at: 2025-10-17T16:52:54 
INFO:__main__:Reconnect attempt 4 failed: [Errno 113] No route to host at: 2025-10-17T16:53:00 
INFO:__main__:Reconnect attempt 5 failed: [Errno 113] No route to host at: 2025-10-17T16:53:06 
INFO:__main__:All reconnect attempts failed -waiting 10 s before retry. 2025-10-17T16:53:09
INFO:__main__:Reconnect attempt 1 failed: [Errno 113] No route to host at: 2025-10-17T16:53:22 
INFO:__main__:Reconnect attempt 2 failed: [Errno 113] No route to host at: 2025-10-17T16:53:28 
INFO:__main__:Reconnect attempt 3 failed: [Errno 113] No route to host at: 2025-10-17T16:53:35 
INFO:__main__:Reconnect attempt 4 failed: [Errno 113] No route to host at: 2025-10-17T16:53:41 
INFO:__main__:Reconnect attempt 5 failed: [Errno 113] No route to host at: 2025-10-17T16:53:47 
INFO:__main__:All reconnect attempts failed -waiting 10 s before retry. 2025-10-17T16:53:50
INFO:__main__:Reconnect attempt 1 failed: [Errno 113] No route to host at: 2025-10-17T16:54:03 
INFO:__main__:Reconnect attempt 2 failed: [Errno 113] No route to host at: 2025-10-17T16:54:09 
INFO:__main__:Reconnect attempt 3 failed: [Errno 113] No route to host at: 2025-10-17T16:54:15 
INFO:__main__:Reconnect attempt 4 failed: [Errno 113] No route to host at: 2025-10-17T16:54:21 
INFO:__main__:Reconnect attempt 5 failed: [Errno 113] No route to host at: 2025-10-17T16:54:27 
INFO:__main__:All reconnect attempts failed -waiting 10 s before retry. 2025-10-17T16:54:30
INFO:__main__:Reconnect attempt 1 failed: [Errno 113] No route to host at: 2025-10-17T16:54:43 
INFO:__main__:Reconnect attempt 2 failed: [Errno 113] No route to host at: 2025-10-17T16:54:49 
INFO:__main__:Reconnect attempt 3 failed: [Errno 113] No route to host at: 2025-10-17T16:54:55 
INFO:__main__:Reconnect attempt 4 failed: [Errno 113] No route to host at: 2025-10-17T16:55:01 
INFO:__main__:Reconnect attempt 5 failed: [Errno 113] No route to host at: 2025-10-17T16:55:07 
INFO:__main__:All reconnect attempts failed -waiting 10 s before retry. 2025-10-17T16:55:10
INFO:__main__:Reconnect attempt 1 failed: [Errno 113] No route to host at: 2025-10-17T16:55:24 
INFO:__main__:Reconnect attempt 2 failed: [Errno 113] No route to host at: 2025-10-17T16:55:30 
INFO:__main__:Reconnect attempt 3 failed: [Errno 113] No route to host at: 2025-10-17T16:55:36 
INFO:__main__:Reconnect attempt 4 failed: [Errno 113] No route to host at: 2025-10-17T16:55:42 
INFO:__main__:Reconnect attempt 5 failed: [Errno 113] No route to host at: 2025-10-17T16:55:48 
INFO:__main__:All reconnect attempts failed -waiting 10 s before retry. 2025-10-17T16:55:51
INFO:__main__:Reconnect attempt 1 failed: [Errno 113] No route to host at: 2025-10-17T16:56:04 
INFO:__main__:Reconnect attempt 2 failed: [Errno 113] No route to host at: 2025-10-17T16:56:10 
INFO:__main__:Reconnect attempt 3 failed: [Errno 113] No route to host at: 2025-10-17T16:56:16 
INFO:__main__:Reconnect attempt 4 failed: [Errno 113] No route to host at: 2025-10-17T16:56:22 
INFO:__main__:Reconnect attempt 5 failed: [Errno 113] No route to host at: 2025-10-17T16:56:28 
INFO:__main__:All reconnect attempts failed -waiting 10 s before retry. 2025-10-17T16:56:31
INFO:__main__:Reconnect attempt 1 failed: [Errno 113] No route to host at: 2025-10-17T16:56:44 
INFO:__main__:Reconnect attempt 2 failed: [Errno 113] No route to host at: 2025-10-17T16:56:50 
INFO:__main__:Reconnect attempt 3 failed: [Errno 113] No route to host at: 2025-10-17T16:56:56 
INFO:__main__:Reconnect attempt 4 failed: [Errno 113] No route to host at: 2025-10-17T16:57:03 
INFO:__main__:Reconnect attempt 5 failed: [Errno 113] No route to host at: 2025-10-17T16:57:09 
INFO:__main__:All reconnect attempts failed -waiting 10 s before retry. 2025-10-17T16:57:12
INFO:__main__:Reconnect attempt 1 failed: [Errno 113] No route to host at: 2025-10-17T16:57:25 
INFO:__main__:Reconnect attempt 2 failed: [Errno 113] No route to host at: 2025-10-17T16:57:31 
INFO:__main__:Reconnect attempt 3 failed: [Errno 113] No route to host at: 2025-10-17T16:57:37 
INFO:__main__:Reconnect attempt 4 failed: [Errno 113] No route to host at: 2025-10-17T16:57:43 
INFO:__main__:Reconnect attempt 5 failed: [Errno 113] No route to host at: 2025-10-17T16:57:49 
INFO:__main__:All reconnect attempts failed -waiting 10 s before retry. 2025-10-17T16:57:52
INFO:__main__:Reconnect attempt 1 failed: [Errno 113] No route to host at: 2025-10-17T16:58:05 
INFO:__main__:Reconnect attempt 2 failed: [Errno 113] No route to host at: 2025-10-17T16:58:11 
INFO:__main__:Reconnect attempt 3 failed: [Errno 113] No route to host at: 2025-10-17T16:58:17 
INFO:__main__:Reconnect attempt 4 failed: [Errno 113] No route to host at: 2025-10-17T16:58:23 
INFO:__main__:Reconnect attempt 5 failed: [Errno 113] No route to host at: 2025-10-17T16:58:29 
INFO:__main__:All reconnect attempts failed -waiting 10 s before retry. 2025-10-17T16:58:32
INFO:__main__:Reconnect attempt 1 failed: [Errno 113] No route to host at: 2025-10-17T16:58:45 
INFO:__main__:Reconnect attempt 2 failed: [Errno 113] No route to host at: 2025-10-17T16:58:52 
INFO:__main__:Reconnect attempt 3 failed: [Errno 113] No route to host at: 2025-10-17T16:58:58 
INFO:__main__:Reconnect attempt 4 failed: [Errno 113] No route to host at: 2025-10-17T16:59:04 
INFO:__main__:Reconnect attempt 5 failed: [Errno 113] No route to host at: 2025-10-17T16:59:10 
INFO:__main__:All reconnect attempts failed -waiting 10 s before retry. 2025-10-17T16:59:13
INFO:__main__:Reconnect attempt 1 failed: [Errno 113] No route to host at: 2025-10-17T16:59:26 
INFO:__main__:Reconnect attempt 2 failed: [Errno 113] No route to host at: 2025-10-17T16:59:32 
INFO:__main__:Reconnect attempt 3 failed: [Errno 113] No route to host at: 2025-10-17T16:59:38 
INFO:__main__:Reconnect attempt 4 failed: [Errno 113] No route to host at: 2025-10-17T16:59:44 
INFO:__main__:Reconnect attempt 5 failed: [Errno 113] No route to host at: 2025-10-17T16:59:50 
INFO:__main__:All reconnect attempts failed -waiting 10 s before retry. 2025-10-17T16:59:53
