Starting 1 Hz PLC logger (auto-batch + reconnect)
Reconnecting to PLC... (attempt 1/5)
Reconnect attempt 1 failed: [Errno 101] Network is unreachable at: 2025-10-17T16:21:13
Reconnecting to PLC... (attempt 2/5)
Reconnect attempt 2 failed: [Errno 101] Network is unreachable at: 2025-10-17T16:21:16
Reconnecting to PLC... (attempt 3/5)
Reconnect attempt 3 failed: [Errno 101] Network is unreachable at: 2025-10-17T16:21:19
Reconnecting to PLC... (attempt 4/5)
Reconnect attempt 4 failed: [Errno 113] No route to host at: 2025-10-17T16:21:25
Reconnecting to PLC... (attempt 5/5)
Reconnect attempt 5 failed: [Errno 113] No route to host at: 2025-10-17T16:21:31
All reconnect attempts failed -waiting 10 s before retry.
Reconnecting to PLC... (attempt 1/5)
Reconnect attempt 1 failed: [Errno 113] No route to host at: 2025-10-17T16:21:47
Reconnecting to PLC... (attempt 2/5)
Reconnect attempt 2 failed: [Errno 113] No route to host at: 2025-10-17T16:21:53
Reconnecting to PLC... (attempt 3/5)
Reconnect attempt 3 failed: [Errno 113] No route to host at: 2025-10-17T16:21:59
Reconnecting to PLC... (attempt 4/5)
Reconnect attempt 4 failed: [Errno 113] No route to host at: 2025-10-17T16:22:05
Reconnecting to PLC... (attempt 5/5)
Reconnect attempt 5 failed: [Errno 113] No route to host at: 2025-10-17T16:22:11
All reconnect attempts failed -waiting 10 s before retry.
Reconnecting to PLC... (attempt 1/5)
Reconnect attempt 1 failed: [Errno 113] No route to host at: 2025-10-17T16:22:27
Reconnecting to PLC... (attempt 2/5)
Reconnect attempt 2 failed: [Errno 113] No route to host at: 2025-10-17T16:22:33
Reconnecting to PLC... (attempt 3/5)
Reconnect attempt 3 failed: [Errno 113] No route to host at: 2025-10-17T16:22:39
Reconnecting to PLC... (attempt 4/5)
Reconnect attempt 4 failed: [Errno 113] No route to host at: 2025-10-17T16:22:45
Reconnecting to PLC... (attempt 5/5)
Reconnect attempt 5 failed: [Errno 113] No route to host at: 2025-10-17T16:22:52
All reconnect attempts failed -waiting 10 s before retry.
Reconnecting to PLC... (attempt 1/5)
Reconnect attempt 1 failed: [Errno 113] No route to host at: 2025-10-17T16:23:08
Reconnecting to PLC... (attempt 2/5)
Reconnect attempt 2 failed: [Errno 113] No route to host at: 2025-10-17T16:23:14
Reconnecting to PLC... (attempt 3/5)
Reconnect attempt 3 failed: [Errno 113] No route to host at: 2025-10-17T16:23:20
Reconnecting to PLC... (attempt 4/5)
Reconnect attempt 4 failed: [Errno 113] No route to host at: 2025-10-17T16:23:26
Reconnecting to PLC... (attempt 5/5)
Reconnect attempt 5 failed: [Errno 113] No route to host at: 2025-10-17T16:23:32
All reconnect attempts failed -waiting 10 s before retry.
Reconnecting to PLC... (attempt 1/5)
Reconnect attempt 1 failed: [Errno 113] No route to host at: 2025-10-17T16:23:48
Reconnecting to PLC... (attempt 2/5)
Reconnect attempt 2 failed: [Errno 113] No route to host at: 2025-10-17T16:23:54
Reconnecting to PLC... (attempt 3/5)
Reconnect attempt 3 failed: [Errno 113] No route to host at: 2025-10-17T16:24:00
Reconnecting to PLC... (attempt 4/5)
Reconnect attempt 4 failed: [Errno 113] No route to host at: 2025-10-17T16:24:06
Reconnecting to PLC... (attempt 5/5)
Reconnect attempt 5 failed: [Errno 113] No route to host at: 2025-10-17T16:24:12
All reconnect attempts failed -waiting 10 s before retry.
Reconnecting to PLC... (attempt 1/5)
Reconnect attempt 1 failed: [Errno 113] No route to host at: 2025-10-17T16:24:28
Reconnecting to PLC... (attempt 2/5)
Reconnect attempt 2 failed: [Errno 113] No route to host at: 2025-10-17T16:24:34
Reconnecting to PLC... (attempt 3/5)
Reconnect attempt 3 failed: [Errno 113] No route to host at: 2025-10-17T16:24:41
Reconnecting to PLC... (attempt 4/5)
Reconnect attempt 4 failed: [Errno 113] No route to host at: 2025-10-17T16:24:44
Reconnecting to PLC... (attempt 5/5)
Reconnect attempt 5 failed: [Errno 113] No route to host at: 2025-10-17T16:24:50
All reconnect attempts failed -waiting 10 s before retry.
Reconnecting to PLC... (attempt 1/5)
Reconnect attempt 1 failed: [Errno 113] No route to host at: 2025-10-17T16:25:06
Reconnecting to PLC... (attempt 2/5)
Reconnect attempt 2 failed: [Errno 113] No route to host at: 2025-10-17T16:25:12
Reconnecting to PLC... (attempt 3/5)
Reconnect attempt 3 failed: [Errno 113] No route to host at: 2025-10-17T16:25:18
Reconnecting to PLC... (attempt 4/5)
Reconnect attempt 4 failed: [Errno 113] No route to host at: 2025-10-17T16:25:25
Reconnecting to PLC... (attempt 5/5)
Reconnect attempt 5 failed: [Errno 113] No route to host at: 2025-10-17T16:25:31
All reconnect attempts failed -waiting 10 s before retry.
Reconnecting to PLC... (attempt 1/5)
Reconnect attempt 1 failed: [Errno 113] No route to host at: 2025-10-17T16:25:47
Reconnecting to PLC... (attempt 2/5)
Reconnect attempt 2 failed: [Errno 113] No route to host at: 2025-10-17T16:25:53
Reconnecting to PLC... (attempt 3/5)
Reconnect attempt 3 failed: [Errno 113] No route to host at: 2025-10-17T16:25:59
Reconnecting to PLC... (attempt 4/5)
Reconnect attempt 4 failed: [Errno 113] No route to host at: 2025-10-17T16:26:05
Reconnecting to PLC... (attempt 5/5)
Reconnect attempt 5 failed: [Errno 113] No route to host at: 2025-10-17T16:26:11
All reconnect attempts failed -waiting 10 s before retry.
Reconnecting to PLC... (attempt 1/5)
Reconnect attempt 1 failed: [Errno 113] No route to host at: 2025-10-17T16:26:27
Reconnecting to PLC... (attempt 2/5)
Reconnect attempt 2 failed: [Errno 113] No route to host at: 2025-10-17T16:26:33
Reconnecting to PLC... (attempt 3/5)
Reconnect attempt 3 failed: [Errno 113] No route to host at: 2025-10-17T16:26:39
Reconnecting to PLC... (attempt 4/5)
Reconnect attempt 4 failed: [Errno 113] No route to host at: 2025-10-17T16:26:45
Reconnecting to PLC... (attempt 5/5)
Reconnect attempt 5 failed: [Errno 113] No route to host at: 2025-10-17T16:26:51
All reconnect attempts failed -waiting 10 s before retry.
Reconnecting to PLC... (attempt 1/5)
Reconnect attempt 1 failed: [Errno 113] No route to host at: 2025-10-17T16:27:07
Reconnecting to PLC... (attempt 2/5)
Reconnect attempt 2 failed: [Errno 113] No route to host at: 2025-10-17T16:27:14
Reconnecting to PLC... (attempt 3/5)
Reconnect attempt 3 failed: [Errno 113] No route to host at: 2025-10-17T16:27:20
Reconnecting to PLC... (attempt 4/5)
Reconnect attempt 4 failed: [Errno 113] No route to host at: 2025-10-17T16:27:26
Reconnecting to PLC... (attempt 5/5)
Reconnect attempt 5 failed: [Errno 113] No route to host at: 2025-10-17T16:27:32
All reconnect attempts failed -waiting 10 s before retry.
Reconnecting to PLC... (attempt 1/5)
Reconnect attempt 1 failed: [Errno 113] No route to host at: 2025-10-17T16:27:48
Reconnecting to PLC... (attempt 2/5)
Reconnect attempt 2 failed: [Errno 113] No route to host at: 2025-10-17T16:27:54
Reconnecting to PLC... (attempt 3/5)
Reconnect attempt 3 failed: [Errno 113] No route to host at: 2025-10-17T16:28:00
Reconnecting to PLC... (attempt 4/5)
Reconnect attempt 4 failed: [Errno 113] No route to host at: 2025-10-17T16:28:06
Reconnecting to PLC... (attempt 5/5)
Reconnect attempt 5 failed: [Errno 113] No route to host at: 2025-10-17T16:28:12
All reconnect attempts failed -waiting 10 s before retry.
Reconnecting to PLC... (attempt 1/5)
Reconnect attempt 1 failed: [Errno 113] No route to host at: 2025-10-17T16:28:28
Reconnecting to PLC... (attempt 2/5)
Reconnect attempt 2 failed: [Errno 113] No route to host at: 2025-10-17T16:28:34
Reconnecting to PLC... (attempt 3/5)
Reconnect attempt 3 failed: [Errno 113] No route to host at: 2025-10-17T16:28:40
Reconnecting to PLC... (attempt 4/5)
Reconnect attempt 4 failed: [Errno 113] No route to host at: 2025-10-17T16:28:46
Reconnecting to PLC... (attempt 5/5)
Reconnect attempt 5 failed: [Errno 113] No route to host at: 2025-10-17T16:28:53
All reconnect attempts failed -waiting 10 s before retry.
Reconnecting to PLC... (attempt 1/5)
Reconnect attempt 1 failed: [Errno 113] No route to host at: 2025-10-17T16:29:09
Reconnecting to PLC... (attempt 2/5)
Reconnect attempt 2 failed: [Errno 113] No route to host at: 2025-10-17T16:29:15
Reconnecting to PLC... (attempt 3/5)
Reconnect attempt 3 failed: [Errno 113] No route to host at: 2025-10-17T16:29:21
Reconnecting to PLC... (attempt 4/5)
Reconnect attempt 4 failed: [Errno 113] No route to host at: 2025-10-17T16:29:27
Reconnecting to PLC... (attempt 5/5)
Reconnect attempt 5 failed: [Errno 113] No route to host at: 2025-10-17T16:29:33
All reconnect attempts failed -waiting 10 s before retry.
Reconnecting to PLC... (attempt 1/5)
Reconnect attempt 1 failed: [Errno 113] No route to host at: 2025-10-17T16:29:49
Reconnecting to PLC... (attempt 2/5)
Reconnect attempt 2 failed: [Errno 113] No route to host at: 2025-10-17T16:29:55
Reconnecting to PLC... (attempt 3/5)
Reconnect attempt 3 failed: [Errno 113] No route to host at: 2025-10-17T16:30:01
Reconnecting to PLC... (attempt 4/5)
Reconnect attempt 4 failed: [Errno 113] No route to host at: 2025-10-17T16:30:07
Reconnecting to PLC... (attempt 5/5)
Reconnect attempt 5 failed: [Errno 113] No route to host at: 2025-10-17T16:30:13
All reconnect attempts failed -waiting 10 s before retry.
Reconnecting to PLC... (attempt 1/5)
Reconnect attempt 1 failed: [Errno 113] No route to host at: 2025-10-17T16:30:29
Reconnecting to PLC... (attempt 2/5)
Reconnect attempt 2 failed: [Errno 113] No route to host at: 2025-10-17T16:30:35
Reconnecting to PLC... (attempt 3/5)
Reconnect attempt 3 failed: [Errno 113] No route to host at: 2025-10-17T16:30:42
Reconnecting to PLC... (attempt 4/5)
Reconnect attempt 4 failed: [Errno 113] No route to host at: 2025-10-17T16:30:48
Reconnecting to PLC... (attempt 5/5)
Reconnect attempt 5 failed: [Errno 113] No route to host at: 2025-10-17T16:30:54
All reconnect attempts failed -waiting 10 s before retry.
Reconnecting to PLC... (attempt 1/5)
Reconnect attempt 1 failed: [Errno 113] No route to host at: 2025-10-17T16:31:10
Reconnecting to PLC... (attempt 2/5)
Reconnect attempt 2 failed: [Errno 113] No route to host at: 2025-10-17T16:31:16
Reconnecting to PLC... (attempt 3/5)
Reconnect attempt 3 failed: [Errno 113] No route to host at: 2025-10-17T16:31:22
Reconnecting to PLC... (attempt 4/5)
Reconnect attempt 4 failed: [Errno 113] No route to host at: 2025-10-17T16:31:28
Reconnecting to PLC... (attempt 5/5)
Reconnect attempt 5 failed: [Errno 113] No route to host at: 2025-10-17T16:31:34
All reconnect attempts failed -waiting 10 s before retry.
Reconnecting to PLC... (attempt 1/5)
Reconnect attempt 1 failed: [Errno 113] No route to host at: 2025-10-17T16:31:50
Reconnecting to PLC... (attempt 2/5)
Reconnect attempt 2 failed: [Errno 113] No route to host at: 2025-10-17T16:31:56
Reconnecting to PLC... (attempt 3/5)
Reconnect attempt 3 failed: [Errno 113] No route to host at: 2025-10-17T16:32:02
Reconnecting to PLC... (attempt 4/5)
Reconnect attempt 4 failed: [Errno 113] No route to host at: 2025-10-17T16:32:08
Reconnecting to PLC... (attempt 5/5)
Reconnect attempt 5 failed: [Errno 113] No route to host at: 2025-10-17T16:32:14
All reconnect attempts failed -waiting 10 s before retry.
Reconnecting to PLC... (attempt 1/5)
Reconnect attempt 1 failed: [Errno 113] No route to host at: 2025-10-17T16:32:31
Reconnecting to PLC... (attempt 2/5)
Reconnect attempt 2 failed: [Errno 113] No route to host at: 2025-10-17T16:32:37
Reconnecting to PLC... (attempt 3/5)
Reconnect attempt 3 failed: [Errno 113] No route to host at: 2025-10-17T16:32:43
Reconnecting to PLC... (attempt 4/5)
Reconnect attempt 4 failed: [Errno 113] No route to host at: 2025-10-17T16:32:49
Reconnecting to PLC... (attempt 5/5)
Reconnect attempt 5 failed: [Errno 113] No route to host at: 2025-10-17T16:32:55
All reconnect attempts failed -waiting 10 s before retry.
Reconnecting to PLC... (attempt 1/5)
Reconnect attempt 1 failed: [Errno 113] No route to host at: 2025-10-17T16:33:11
Reconnecting to PLC... (attempt 2/5)
Reconnect attempt 2 failed: [Errno 113] No route to host at: 2025-10-17T16:33:17
Reconnecting to PLC... (attempt 3/5)
Reconnect attempt 3 failed: [Errno 113] No route to host at: 2025-10-17T16:33:23
Reconnecting to PLC... (attempt 4/5)
Reconnect attempt 4 failed: [Errno 113] No route to host at: 2025-10-17T16:33:29
Reconnecting to PLC... (attempt 5/5)
Reconnect attempt 5 failed: [Errno 113] No route to host at: 2025-10-17T16:33:35
All reconnect attempts failed -waiting 10 s before retry.
Reconnecting to PLC... (attempt 1/5)
Reconnect attempt 1 failed: [Errno 113] No route to host at: 2025-10-17T16:33:51
Reconnecting to PLC... (attempt 2/5)
Reconnect attempt 2 failed: [Errno 113] No route to host at: 2025-10-17T16:33:57
Reconnecting to PLC... (attempt 3/5)
Reconnect attempt 3 failed: [Errno 113] No route to host at: 2025-10-17T16:34:03
Reconnecting to PLC... (attempt 4/5)
Reconnect attempt 4 failed: [Errno 113] No route to host at: 2025-10-17T16:34:10
Reconnecting to PLC... (attempt 5/5)
Reconnect attempt 5 failed: [Errno 113] No route to host at: 2025-10-17T16:34:16
All reconnect attempts failed -waiting 10 s before retry.
Reconnecting to PLC... (attempt 1/5)
Reconnect attempt 1 failed: [Errno 113] No route to host at: 2025-10-17T16:34:32
Reconnecting to PLC... (attempt 2/5)
Reconnect attempt 2 failed: [Errno 113] No route to host at: 2025-10-17T16:34:38
Reconnecting to PLC... (attempt 3/5)
Reconnect attempt 3 failed: [Errno 113] No route to host at: 2025-10-17T16:34:44
Reconnecting to PLC... (attempt 4/5)
Reconnect attempt 4 failed: [Errno 113] No route to host at: 2025-10-17T16:34:50
Reconnecting to PLC... (attempt 5/5)
Reconnect attempt 5 failed: [Errno 113] No route to host at: 2025-10-17T16:34:56
All reconnect attempts failed -waiting 10 s before retry.
Reconnecting to PLC... (attempt 1/5)
Reconnect attempt 1 failed: [Errno 113] No route to host at: 2025-10-17T16:35:12
Reconnecting to PLC... (attempt 2/5)
Reconnect attempt 2 failed: [Errno 113] No route to host at: 2025-10-17T16:35:18
Reconnecting to PLC... (attempt 3/5)
Reconnect attempt 3 failed: [Errno 113] No route to host at: 2025-10-17T16:35:24
Reconnecting to PLC... (attempt 4/5)
Reconnect attempt 4 failed: [Errno 113] No route to host at: 2025-10-17T16:35:30
Reconnecting to PLC... (attempt 5/5)
Reconnect attempt 5 failed: [Errno 113] No route to host at: 2025-10-17T16:35:36
All reconnect attempts failed -waiting 10 s before retry.
Reconnecting to PLC... (attempt 1/5)
Reconnect attempt 1 failed: [Errno 113] No route to host at: 2025-10-17T16:35:52
Reconnecting to PLC... (attempt 2/5)
Reconnect attempt 2 failed: [Errno 113] No route to host at: 2025-10-17T16:35:58
Reconnecting to PLC... (attempt 3/5)
Reconnect attempt 3 failed: [Errno 113] No route to host at: 2025-10-17T16:36:05
Reconnecting to PLC... (attempt 4/5)
Reconnect attempt 4 failed: [Errno 113] No route to host at: 2025-10-17T16:36:11
Reconnecting to PLC... (attempt 5/5)
Reconnect attempt 5 failed: [Errno 113] No route to host at: 2025-10-17T16:36:17
All reconnect attempts failed -waiting 10 s before retry.
Reconnecting to PLC... (attempt 1/5)
Reconnect attempt 1 failed: [Errno 113] No route to host at: 2025-10-17T16:36:33
Reconnecting to PLC... (attempt 2/5)
Reconnect attempt 2 failed: [Errno 113] No route to host at: 2025-10-17T16:36:39
Reconnecting to PLC... (attempt 3/5)
Reconnect attempt 3 failed: [Errno 113] No route to host at: 2025-10-17T16:36:45
Reconnecting to PLC... (attempt 4/5)
Reconnect attempt 4 failed: [Errno 113] No route to host at: 2025-10-17T16:36:51
Reconnecting to PLC... (attempt 5/5)
Reconnect attempt 5 failed: [Errno 113] No route to host at: 2025-10-17T16:36:57
All reconnect attempts failed -waiting 10 s before retry.
Reconnecting to PLC... (attempt 1/5)
Reconnect attempt 1 failed: [Errno 113] No route to host at: 2025-10-17T16:37:13
Reconnecting to PLC... (attempt 2/5)
Reconnect attempt 2 failed: [Errno 113] No route to host at: 2025-10-17T16:37:19
Reconnecting to PLC... (attempt 3/5)
Reconnect attempt 3 failed: [Errno 113] No route to host at: 2025-10-17T16:37:25
Reconnecting to PLC... (attempt 4/5)
Reconnect attempt 4 failed: [Errno 113] No route to host at: 2025-10-17T16:37:31
Reconnecting to PLC... (attempt 5/5)
Reconnect attempt 5 failed: [Errno 113] No route to host at: 2025-10-17T16:37:38
All reconnect attempts failed -waiting 10 s before retry.
Reconnecting to PLC... (attempt 1/5)
Reconnect attempt 1 failed: [Errno 113] No route to host at: 2025-10-17T16:37:54
Reconnecting to PLC... (attempt 2/5)
Reconnect attempt 2 failed: [Errno 113] No route to host at: 2025-10-17T16:38:00
Reconnecting to PLC... (attempt 3/5)
Reconnect attempt 3 failed: [Errno 113] No route to host at: 2025-10-17T16:38:06
Reconnecting to PLC... (attempt 4/5)
Reconnect attempt 4 failed: [Errno 113] No route to host at: 2025-10-17T16:38:12
Reconnecting to PLC... (attempt 5/5)
Reconnect attempt 5 failed: [Errno 113] No route to host at: 2025-10-17T16:38:18
All reconnect attempts failed -waiting 10 s before retry.
Reconnecting to PLC... (attempt 1/5)
Reconnect attempt 1 failed: [Errno 113] No route to host at: 2025-10-17T16:38:34
Reconnecting to PLC... (attempt 2/5)
Reconnect attempt 2 failed: [Errno 113] No route to host at: 2025-10-17T16:38:40
Reconnecting to PLC... (attempt 3/5)
Reconnect attempt 3 failed: [Errno 113] No route to host at: 2025-10-17T16:38:46
Reconnecting to PLC... (attempt 4/5)
Reconnect attempt 4 failed: [Errno 113] No route to host at: 2025-10-17T16:38:52
Reconnecting to PLC... (attempt 5/5)
Reconnect attempt 5 failed: [Errno 113] No route to host at: 2025-10-17T16:38:58
All reconnect attempts failed -waiting 10 s before retry.
Reconnecting to PLC... (attempt 1/5)
Reconnect attempt 1 failed: [Errno 113] No route to host at: 2025-10-17T16:39:14
Reconnecting to PLC... (attempt 2/5)
Reconnect attempt 2 failed: [Errno 113] No route to host at: 2025-10-17T16:39:20
Reconnecting to PLC... (attempt 3/5)
Reconnect attempt 3 failed: [Errno 113] No route to host at: 2025-10-17T16:39:26
Reconnecting to PLC... (attempt 4/5)
Reconnect attempt 4 failed: [Errno 113] No route to host at: 2025-10-17T16:39:33
Reconnecting to PLC... (attempt 5/5)
Reconnect attempt 5 failed: [Errno 113] No route to host at: 2025-10-17T16:39:39
All reconnect attempts failed -waiting 10 s before retry.
Reconnecting to PLC... (attempt 1/5)
Reconnect attempt 1 failed: [Errno 113] No route to host at: 2025-10-17T16:39:55
Reconnecting to PLC... (attempt 2/5)
Reconnect attempt 2 failed: [Errno 113] No route to host at: 2025-10-17T16:40:01
Reconnecting to PLC... (attempt 3/5)
Reconnect attempt 3 failed: [Errno 113] No route to host at: 2025-10-17T16:40:07
Reconnecting to PLC... (attempt 4/5)
Reconnect attempt 4 failed: [Errno 113] No route to host at: 2025-10-17T16:40:13
Reconnecting to PLC... (attempt 5/5)
Reconnect attempt 5 failed: [Errno 113] No route to host at: 2025-10-17T16:40:19
All reconnect attempts failed -waiting 10 s before retry.
Reconnecting to PLC... (attempt 1/5)
Reconnect attempt 1 failed: [Errno 113] No route to host at: 2025-10-17T16:40:35
Reconnecting to PLC... (attempt 2/5)
Reconnect attempt 2 failed: [Errno 113] No route to host at: 2025-10-17T16:40:41
Reconnecting to PLC... (attempt 3/5)
Reconnect attempt 3 failed: [Errno 113] No route to host at: 2025-10-17T16:40:47
Reconnecting to PLC... (attempt 4/5)
Reconnect attempt 4 failed: [Errno 113] No route to host at: 2025-10-17T16:40:53
Reconnecting to PLC... (attempt 5/5)
Reconnect attempt 5 failed: [Errno 113] No route to host at: 2025-10-17T16:40:59
All reconnect attempts failed -waiting 10 s before retry.
Reconnecting to PLC... (attempt 1/5)
Reconnect attempt 1 failed: [Errno 113] No route to host at: 2025-10-17T16:41:15
Reconnecting to PLC... (attempt 2/5)
Reconnect attempt 2 failed: [Errno 113] No route to host at: 2025-10-17T16:41:22
Reconnecting to PLC... (attempt 3/5)
Reconnect attempt 3 failed: [Errno 113] No route to host at: 2025-10-17T16:41:28
Reconnecting to PLC... (attempt 4/5)
Reconnect attempt 4 failed: [Errno 113] No route to host at: 2025-10-17T16:41:34
Reconnecting to PLC... (attempt 5/5)
Reconnect attempt 5 failed: [Errno 113] No route to host at: 2025-10-17T16:41:40
All reconnect attempts failed -waiting 10 s before retry.
Reconnecting to PLC... (attempt 1/5)
Reconnect attempt 1 failed: [Errno 113] No route to host at: 2025-10-17T16:41:56
Reconnecting to PLC... (attempt 2/5)
Reconnect attempt 2 failed: [Errno 113] No route to host at: 2025-10-17T16:42:02
Reconnecting to PLC... (attempt 3/5)
Reconnect attempt 3 failed: [Errno 113] No route to host at: 2025-10-17T16:42:08
Reconnecting to PLC... (attempt 4/5)
Reconnect attempt 4 failed: [Errno 113] No route to host at: 2025-10-17T16:42:14
Reconnecting to PLC... (attempt 5/5)
Reconnect attempt 5 failed: [Errno 113] No route to host at: 2025-10-17T16:42:20
All reconnect attempts failed -waiting 10 s before retry.
Reconnecting to PLC... (attempt 1/5)
Reconnect attempt 1 failed: [Errno 113] No route to host at: 2025-10-17T16:42:36
Reconnecting to PLC... (attempt 2/5)
Reconnect attempt 2 failed: [Errno 113] No route to host at: 2025-10-17T16:42:42
Reconnecting to PLC... (attempt 3/5)
Reconnect attempt 3 failed: [Errno 113] No route to host at: 2025-10-17T16:42:48
Reconnecting to PLC... (attempt 4/5)
Reconnect attempt 4 failed: [Errno 113] No route to host at: 2025-10-17T16:42:54
Reconnecting to PLC... (attempt 5/5)
Reconnect attempt 5 failed: [Errno 113] No route to host at: 2025-10-17T16:43:01
All reconnect attempts failed -waiting 10 s before retry.
Reconnecting to PLC... (attempt 1/5)
Reconnect attempt 1 failed: [Errno 113] No route to host at: 2025-10-17T16:43:17
Reconnecting to PLC... (attempt 2/5)
Reconnect attempt 2 failed: [Errno 113] No route to host at: 2025-10-17T16:43:23
Reconnecting to PLC... (attempt 3/5)
Reconnect attempt 3 failed: [Errno 113] No route to host at: 2025-10-17T16:43:29
Reconnecting to PLC... (attempt 4/5)
Reconnect attempt 4 failed: [Errno 113] No route to host at: 2025-10-17T16:43:35
Reconnecting to PLC... (attempt 5/5)
Reconnect attempt 5 failed: [Errno 113] No route to host at: 2025-10-17T16:43:41
All reconnect attempts failed -waiting 10 s before retry.
Reconnecting to PLC... (attempt 1/5)
Reconnect attempt 1 failed: [Errno 113] No route to host at: 2025-10-17T16:43:57
Reconnecting to PLC... (attempt 2/5)
Reconnect attempt 2 failed: [Errno 113] No route to host at: 2025-10-17T16:44:03
Reconnecting to PLC... (attempt 3/5)
Reconnect attempt 3 failed: [Errno 113] No route to host at: 2025-10-17T16:44:09
Reconnecting to PLC... (attempt 4/5)
Reconnect attempt 4 failed: [Errno 113] No route to host at: 2025-10-17T16:44:15
Reconnecting to PLC... (attempt 5/5)
Reconnect attempt 5 failed: [Errno 113] No route to host at: 2025-10-17T16:44:21
All reconnect attempts failed -waiting 10 s before retry.
Reconnecting to PLC... (attempt 1/5)
Reconnect attempt 1 failed: [Errno 113] No route to host at: 2025-10-17T16:44:37
Reconnecting to PLC... (attempt 2/5)
Reconnect attempt 2 failed: [Errno 113] No route to host at: 2025-10-17T16:44:43
Reconnecting to PLC... (attempt 3/5)
Reconnect attempt 3 failed: [Errno 113] No route to host at: 2025-10-17T16:44:50
Reconnecting to PLC... (attempt 4/5)
Reconnect attempt 4 failed: [Errno 113] No route to host at: 2025-10-17T16:44:56
Reconnecting to PLC... (attempt 5/5)
Reconnect attempt 5 failed: [Errno 113] No route to host at: 2025-10-17T16:45:02
All reconnect attempts failed -waiting 10 s before retry.
Reconnecting to PLC... (attempt 1/5)
Reconnect attempt 1 failed: [Errno 113] No route to host at: 2025-10-17T16:45:18
Reconnecting to PLC... (attempt 2/5)
Reconnect attempt 2 failed: [Errno 113] No route to host at: 2025-10-17T16:45:24
Reconnecting to PLC... (attempt 3/5)
Reconnect attempt 3 failed: [Errno 113] No route to host at: 2025-10-17T16:45:30
Reconnecting to PLC... (attempt 4/5)
Reconnect attempt 4 failed: [Errno 113] No route to host at: 2025-10-17T16:45:36
Reconnecting to PLC... (attempt 5/5)
Reconnect attempt 5 failed: [Errno 113] No route to host at: 2025-10-17T16:45:42
All reconnect attempts failed -waiting 10 s before retry.
Reconnecting to PLC... (attempt 1/5)
Reconnect attempt 1 failed: [Errno 113] No route to host at: 2025-10-17T16:45:58
Reconnecting to PLC... (attempt 2/5)
Reconnect attempt 2 failed: [Errno 113] No route to host at: 2025-10-17T16:46:04
Reconnecting to PLC... (attempt 3/5)
Reconnect attempt 3 failed: [Errno 113] No route to host at: 2025-10-17T16:46:10
Reconnecting to PLC... (attempt 4/5)
Reconnect attempt 4 failed: [Errno 113] No route to host at: 2025-10-17T16:46:16
Reconnecting to PLC... (attempt 5/5)
Reconnect attempt 5 failed: [Errno 113] No route to host at: 2025-10-17T16:46:22
All reconnect attempts failed -waiting 10 s before retry.
Reconnecting to PLC... (attempt 1/5)
Reconnect attempt 1 failed: [Errno 113] No route to host at: 2025-10-17T16:46:39
Reconnecting to PLC... (attempt 2/5)
Reconnect attempt 2 failed: [Errno 113] No route to host at: 2025-10-17T16:46:45
Reconnecting to PLC... (attempt 3/5)
Reconnect attempt 3 failed: [Errno 113] No route to host at: 2025-10-17T16:46:51
Reconnecting to PLC... (attempt 4/5)
Reconnect attempt 4 failed: [Errno 113] No route to host at: 2025-10-17T16:46:57
Reconnecting to PLC... (attempt 5/5)
Reconnect attempt 5 failed: [Errno 113] No route to host at: 2025-10-17T16:47:03
All reconnect attempts failed -waiting 10 s before retry.
Reconnecting to PLC... (attempt 1/5)
Reconnect attempt 1 failed: [Errno 113] No route to host at: 2025-10-17T16:47:19
Reconnecting to PLC... (attempt 2/5)
Reconnect attempt 2 failed: [Errno 113] No route to host at: 2025-10-17T16:47:25
Reconnecting to PLC... (attempt 3/5)
Reconnect attempt 3 failed: [Errno 113] No route to host at: 2025-10-17T16:47:31
Reconnecting to PLC... (attempt 4/5)
Reconnect attempt 4 failed: [Errno 113] No route to host at: 2025-10-17T16:47:37
Reconnecting to PLC... (attempt 5/5)
Reconnect attempt 5 failed: [Errno 113] No route to host at: 2025-10-17T16:47:43
All reconnect attempts failed -waiting 10 s before retry.
Reconnecting to PLC... (attempt 1/5)
Reconnect attempt 1 failed: [Errno 113] No route to host at: 2025-10-17T16:47:59
Reconnecting to PLC... (attempt 2/5)
Reconnect attempt 2 failed: [Errno 113] No route to host at: 2025-10-17T16:48:05
Reconnecting to PLC... (attempt 3/5)
Reconnect attempt 3 failed: [Errno 113] No route to host at: 2025-10-17T16:48:11
Reconnecting to PLC... (attempt 4/5)
Reconnect attempt 4 failed: [Errno 113] No route to host at: 2025-10-17T16:48:18
Reconnecting to PLC... (attempt 5/5)
Reconnect attempt 5 failed: [Errno 113] No route to host at: 2025-10-17T16:48:24
All reconnect attempts failed -waiting 10 s before retry.
Reconnecting to PLC... (attempt 1/5)
Reconnect attempt 1 failed: [Errno 113] No route to host at: 2025-10-17T16:48:40
Reconnecting to PLC... (attempt 2/5)
Reconnect attempt 2 failed: [Errno 113] No route to host at: 2025-10-17T16:48:46
Reconnecting to PLC... (attempt 3/5)
Reconnect attempt 3 failed: [Errno 113] No route to host at: 2025-10-17T16:48:52
Reconnecting to PLC... (attempt 4/5)
Reconnect attempt 4 failed: [Errno 113] No route to host at: 2025-10-17T16:48:58
Reconnecting to PLC... (attempt 5/5)
Reconnect attempt 5 failed: [Errno 113] No route to host at: 2025-10-17T16:49:04
All reconnect attempts failed -waiting 10 s before retry.
Reconnecting to PLC... (attempt 1/5)
Reconnect attempt 1 failed: [Errno 113] No route to host at: 2025-10-17T16:49:20
Reconnecting to PLC... (attempt 2/5)
Reconnect attempt 2 failed: [Errno 113] No route to host at: 2025-10-17T16:49:26
Reconnecting to PLC... (attempt 3/5)
Reconnect attempt 3 failed: [Errno 113] No route to host at: 2025-10-17T16:49:32
Reconnecting to PLC... (attempt 4/5)
Reconnect attempt 4 failed: [Errno 113] No route to host at: 2025-10-17T16:49:38
Reconnecting to PLC... (attempt 5/5)
Reconnect attempt 5 failed: [Errno 113] No route to host at: 2025-10-17T16:49:44
All reconnect attempts failed -waiting 10 s before retry.
Reconnecting to PLC... (attempt 1/5)
Reconnect attempt 1 failed: [Errno 113] No route to host at: 2025-10-17T16:50:00
Reconnecting to PLC... (attempt 2/5)
Reconnect attempt 2 failed: [Errno 113] No route to host at: 2025-10-17T16:50:07
Reconnecting to PLC... (attempt 3/5)
Reconnect attempt 3 failed: [Errno 113] No route to host at: 2025-10-17T16:50:13
Reconnecting to PLC... (attempt 4/5)
Reconnect attempt 4 failed: [Errno 113] No route to host at: 2025-10-17T16:50:19
Reconnecting to PLC... (attempt 5/5)
Reconnect attempt 5 failed: [Errno 113] No route to host at: 2025-10-17T16:50:25
All reconnect attempts failed -waiting 10 s before retry.
Reconnecting to PLC... (attempt 1/5)
Reconnect attempt 1 failed: [Errno 113] No route to host at: 2025-10-17T16:50:41
Reconnecting to PLC... (attempt 2/5)
Reconnect attempt 2 failed: [Errno 113] No route to host at: 2025-10-17T16:50:47
Reconnecting to PLC... (attempt 3/5)
Reconnect attempt 3 failed: [Errno 113] No route to host at: 2025-10-17T16:50:53
Reconnecting to PLC... (attempt 4/5)
Reconnect attempt 4 failed: [Errno 113] No route to host at: 2025-10-17T16:50:59
Reconnecting to PLC... (attempt 5/5)
Reconnect attempt 5 failed: [Errno 113] No route to host at: 2025-10-17T16:51:05
All reconnect attempts failed -waiting 10 s before retry.
Reconnecting to PLC... (attempt 1/5)
Reconnect attempt 1 failed: [Errno 113] No route to host at: 2025-10-17T16:51:21
Reconnecting to PLC... (attempt 2/5)
Reconnect attempt 2 failed: [Errno 113] No route to host at: 2025-10-17T16:51:27
Reconnecting to PLC... (attempt 3/5)
Reconnect attempt 3 failed: [Errno 113] No route to host at: 2025-10-17T16:51:33
Reconnecting to PLC... (attempt 4/5)
Reconnect attempt 4 failed: [Errno 113] No route to host at: 2025-10-17T16:51:39
Reconnecting to PLC... (attempt 5/5)
Reconnect attempt 5 failed: [Errno 113] No route to host at: 2025-10-17T16:51:46
All reconnect attempts failed -waiting 10 s before retry.
Reconnecting to PLC... (attempt 1/5)
Reconnect attempt 1 failed: [Errno 113] No route to host at: 2025-10-17T16:52:02
Reconnecting to PLC... (attempt 2/5)
Reconnect attempt 2 failed: [Errno 113] No route to host at: 2025-10-17T16:52:08
Reconnecting to PLC... (attempt 3/5)
Reconnect attempt 3 failed: [Errno 113] No route to host at: 2025-10-17T16:52:14
Reconnecting to PLC... (attempt 4/5)
Reconnect attempt 4 failed: [Errno 113] No route to host at: 2025-10-17T16:52:20
Reconnecting to PLC... (attempt 5/5)
Reconnect attempt 5 failed: [Errno 113] No route to host at: 2025-10-17T16:52:26
All reconnect attempts failed -waiting 10 s before retry.
Reconnecting to PLC... (attempt 1/5)
Reconnect attempt 1 failed: [Errno 113] No route to host at: 2025-10-17T16:52:42
Reconnecting to PLC... (attempt 2/5)
Reconnect attempt 2 failed: [Errno 113] No route to host at: 2025-10-17T16:52:48
Reconnecting to PLC... (attempt 3/5)
Reconnect attempt 3 failed: [Errno 113] No route to host at: 2025-10-17T16:52:54
Reconnecting to PLC... (attempt 4/5)
Reconnect attempt 4 failed: [Errno 113] No route to host at: 2025-10-17T16:53:00
Reconnecting to PLC... (attempt 5/5)
Reconnect attempt 5 failed: [Errno 113] No route to host at: 2025-10-17T16:53:06
All reconnect attempts failed -waiting 10 s before retry.
Reconnecting to PLC... (attempt 1/5)
Reconnect attempt 1 failed: [Errno 113] No route to host at: 2025-10-17T16:53:22
Reconnecting to PLC... (attempt 2/5)
Reconnect attempt 2 failed: [Errno 113] No route to host at: 2025-10-17T16:53:28
Reconnecting to PLC... (attempt 3/5)
Reconnect attempt 3 failed: [Errno 113] No route to host at: 2025-10-17T16:53:35
Reconnecting to PLC... (attempt 4/5)
Reconnect attempt 4 failed: [Errno 113] No route to host at: 2025-10-17T16:53:41
Reconnecting to PLC... (attempt 5/5)
Reconnect attempt 5 failed: [Errno 113] No route to host at: 2025-10-17T16:53:47
All reconnect attempts failed -waiting 10 s before retry.
Reconnecting to PLC... (attempt 1/5)
Reconnect attempt 1 failed: [Errno 113] No route to host at: 2025-10-17T16:54:03
Reconnecting to PLC... (attempt 2/5)
Reconnect attempt 2 failed: [Errno 113] No route to host at: 2025-10-17T16:54:09
Reconnecting to PLC... (attempt 3/5)
Reconnect attempt 3 failed: [Errno 113] No route to host at: 2025-10-17T16:54:15
Reconnecting to PLC... (attempt 4/5)
Reconnect attempt 4 failed: [Errno 113] No route to host at: 2025-10-17T16:54:21
Reconnecting to PLC... (attempt 5/5)
Reconnect attempt 5 failed: [Errno 113] No route to host at: 2025-10-17T16:54:27
All reconnect attempts failed -waiting 10 s before retry.
Reconnecting to PLC... (attempt 1/5)
Reconnect attempt 1 failed: [Errno 113] No route to host at: 2025-10-17T16:54:43
Reconnecting to PLC... (attempt 2/5)
Reconnect attempt 2 failed: [Errno 113] No route to host at: 2025-10-17T16:54:49
Reconnecting to PLC... (attempt 3/5)
Reconnect attempt 3 failed: [Errno 113] No route to host at: 2025-10-17T16:54:55
Reconnecting to PLC... (attempt 4/5)