
=== 2025-10-20 16:12:51 Starting hourly log update ===
Copied output_CHAMBER_2025-10-20.csv -> data/
Copied output_TEST_STATION_2025-10-20.csv -> data/
Copied output_LOGGER_2025-10-20.csv -> data/
[main a7f5572] Hourly data update 2025-10-20 16:12:51
 4 files changed, 121 insertions(+)
Syncing with remote...
From github.com:elovejoy-nyle/logz
 * branch            main       -> FETCH_HEAD
=== 2025-10-20 17:00:01 Starting hourly log update ===
Copied output_CHAMBER_2025-10-20.csv -> data/
Copied output_TEST_STATION_2025-10-20.csv -> data/
Copied output_LOGGER_2025-10-20.csv -> data/
[main 33fb781] Hourly data update 2025-10-20 17:00:01
 4 files changed, 8496 insertions(+)
Syncing with remote...
From github.com:elovejoy-nyle/logz
 * branch            main       -> FETCH_HEAD
=== 2025-10-20 18:00:01 Starting hourly log update ===
Copied output_CHAMBER_2025-10-20.csv -> data/
Copied output_TEST_STATION_2025-10-20.csv -> data/
Copied output_LOGGER_2025-10-20.csv -> data/
[main 5552350] Hourly data update 2025-10-20 18:00:02
 4 files changed, 10806 insertions(+)
Syncing with remote...
From github.com:elovejoy-nyle/logz
 * branch            main       -> FETCH_HEAD
=== 2025-10-20 19:00:01 Starting hourly log update ===
Copied output_CHAMBER_2025-10-20.csv -> data/
Copied output_TEST_STATION_2025-10-20.csv -> data/
Copied output_LOGGER_2025-10-20.csv -> data/
[main 8389d3c] Hourly data update 2025-10-20 19:00:02
 4 files changed, 10804 insertions(+)
Syncing with remote...
From github.com:elovejoy-nyle/logz
 * branch            main       -> FETCH_HEAD
=== 2025-10-20 20:00:01 Starting hourly log update ===
Copied output_CHAMBER_2025-10-20.csv -> data/
Copied output_TEST_STATION_2025-10-20.csv -> data/
Copied output_LOGGER_2025-10-20.csv -> data/
[main 81a8dff] Hourly data update 2025-10-20 20:00:02
 4 files changed, 10804 insertions(+)
Syncing with remote...
From github.com:elovejoy-nyle/logz
 * branch            main       -> FETCH_HEAD
=== 2025-10-20 21:00:01 Starting hourly log update ===
Copied output_CHAMBER_2025-10-20.csv -> data/
Copied output_TEST_STATION_2025-10-20.csv -> data/
Copied output_LOGGER_2025-10-20.csv -> data/
[main 5149c52] Hourly data update 2025-10-20 21:00:02
 4 files changed, 10802 insertions(+)
Syncing with remote...
From github.com:elovejoy-nyle/logz
 * branch            main       -> FETCH_HEAD
=== 2025-10-20 22:00:01 Starting hourly log update ===
Copied output_CHAMBER_2025-10-20.csv -> data/
Copied output_TEST_STATION_2025-10-20.csv -> data/
Copied output_LOGGER_2025-10-20.csv -> data/
