Found previous hour file: OMNI_13_2025-10-27.csv
Moved OMNI_13_2025-10-27.csv -> data/
Copied IO.log -> connectivity/
[main 73024c5] Hourly data update 2025-10-27 14:00:01
 3 files changed, 3800 insertions(+)
 create mode 100644 connectivity/upload_log2.log
 create mode 100644 data/OMNI_13_2025-10-27.csv
Syncing with remote...
From github.com:elovejoy-nyle/logz
 * branch            main       -> FETCH_HEAD
error: cannot pull with rebase: You have unstaged changes.
error: Please commit or stash them.
Rebase skipped or failed.
Push successful at 14:00:06.
=== Hourly update complete ===
Found previous hour file: OMNI_14_2025-10-27.csv
Moved OMNI_14_2025-10-27.csv -> data/
Copied IO.log -> connectivity/
[main e3e7bf6] Hourly data update 2025-10-27 15:00:02
 3 files changed, 5200 insertions(+)
 create mode 100644 data/OMNI_14_2025-10-27.csv
Syncing with remote...
From github.com:elovejoy-nyle/logz
 * branch            main       -> FETCH_HEAD
error: cannot pull with rebase: You have unstaged changes.
error: Please commit or stash them.
Rebase skipped or failed.
Push successful at 15:00:06.
=== Hourly update complete ===
Found previous hour file: OMNI_15_2025-10-27.csv
Moved OMNI_15_2025-10-27.csv -> data/
Copied IO.log -> connectivity/
[main 080b424] Hourly data update 2025-10-27 16:00:01
 3 files changed, 5198 insertions(+)
 create mode 100644 data/OMNI_15_2025-10-27.csv
Syncing with remote...
From github.com:elovejoy-nyle/logz
 * branch            main       -> FETCH_HEAD
error: cannot pull with rebase: You have unstaged changes.
error: Please commit or stash them.
Rebase skipped or failed.
Push successful at 16:00:05.
=== Hourly update complete ===
Found previous hour file: OMNI_16_2025-10-27.csv
Moved OMNI_16_2025-10-27.csv -> data/
Copied IO.log -> connectivity/
[main e06f9b5] Hourly data update 2025-10-27 17:00:01
 3 files changed, 5197 insertions(+)
 create mode 100644 data/OMNI_16_2025-10-27.csv
Syncing with remote...
From github.com:elovejoy-nyle/logz
 * branch            main       -> FETCH_HEAD
error: cannot pull with rebase: You have unstaged changes.
error: Please commit or stash them.
Rebase skipped or failed.
Push successful at 17:00:04.
=== Hourly update complete ===
Found previous hour file: OMNI_17_2025-10-27.csv
Moved OMNI_17_2025-10-27.csv -> data/
Copied IO.log -> connectivity/
[main 0774e8e] Hourly data update 2025-10-27 18:00:01
 3 files changed, 5199 insertions(+)
 create mode 100644 data/OMNI_17_2025-10-27.csv
Syncing with remote...
From github.com:elovejoy-nyle/logz
 * branch            main       -> FETCH_HEAD
error: cannot pull with rebase: You have unstaged changes.
error: Please commit or stash them.
Rebase skipped or failed.
Push successful at 18:00:04.
=== Hourly update complete ===
Found previous hour file: OMNI_18_2025-10-27.csv
Moved OMNI_18_2025-10-27.csv -> data/
Copied IO.log -> connectivity/
[main f637ef1] Hourly data update 2025-10-27 19:00:02
 3 files changed, 5198 insertions(+)
 create mode 100644 data/OMNI_18_2025-10-27.csv
Syncing with remote...
From github.com:elovejoy-nyle/logz
 * branch            main       -> FETCH_HEAD
error: cannot pull with rebase: You have unstaged changes.
error: Please commit or stash them.
Rebase skipped or failed.
Push successful at 19:00:05.
=== Hourly update complete ===
Found previous hour file: OMNI_19_2025-10-27.csv
Moved OMNI_19_2025-10-27.csv -> data/
Copied IO.log -> connectivity/
[main d4c8dc3] Hourly data update 2025-10-27 20:00:02
 3 files changed, 4405 insertions(+)
 create mode 100644 data/OMNI_19_2025-10-27.csv
Syncing with remote...
From github.com:elovejoy-nyle/logz
 * branch            main       -> FETCH_HEAD
error: cannot pull with rebase: You have unstaged changes.
error: Please commit or stash them.
Rebase skipped or failed.
Push successful at 20:00:05.
=== Hourly update complete ===
Found previous hour file: OMNI_20_2025-10-27.csv
Moved OMNI_20_2025-10-27.csv -> data/
Copied IO.log -> connectivity/
[main e735b59] Hourly data update 2025-10-27 21:00:01
 3 files changed, 3616 insertions(+)
 create mode 100644 data/OMNI_20_2025-10-27.csv
Syncing with remote...
From github.com:elovejoy-nyle/logz
 * branch            main       -> FETCH_HEAD
error: cannot pull with rebase: You have unstaged changes.
error: Please commit or stash them.
Rebase skipped or failed.
Push successful at 21:00:05.
=== Hourly update complete ===
Found previous hour file: OMNI_21_2025-10-27.csv
Moved OMNI_21_2025-10-27.csv -> data/
Copied IO.log -> connectivity/
[main c39a52c] Hourly data update 2025-10-27 22:00:01
 3 files changed, 3615 insertions(+)
 create mode 100644 data/OMNI_21_2025-10-27.csv
Syncing with remote...
From github.com:elovejoy-nyle/logz
 * branch            main       -> FETCH_HEAD
error: cannot pull with rebase: You have unstaged changes.
error: Please commit or stash them.
Rebase skipped or failed.
Push successful at 22:00:04.
=== Hourly update complete ===
Found previous hour file: OMNI_22_2025-10-27.csv
Moved OMNI_22_2025-10-27.csv -> data/
Copied IO.log -> connectivity/
[main e01e9a3] Hourly data update 2025-10-27 23:00:02
 3 files changed, 3616 insertions(+)
 create mode 100644 data/OMNI_22_2025-10-27.csv
Syncing with remote...
From github.com:elovejoy-nyle/logz
 * branch            main       -> FETCH_HEAD
error: cannot pull with rebase: You have unstaged changes.
error: Please commit or stash them.
Rebase skipped or failed.
Push successful at 23:00:05.
=== Hourly update complete ===
Waiting for OMNI_23_2025-10-28.csv (attempt 1/5)...
Waiting for OMNI_23_2025-10-28.csv (attempt 2/5)...
Waiting for OMNI_23_2025-10-28.csv (attempt 3/5)...
Waiting for OMNI_23_2025-10-28.csv (attempt 4/5)...
Waiting for OMNI_23_2025-10-28.csv (attempt 5/5)...
Moved old file OMNI_23_2025-10-27.csv -> data/
Moved old file OMNI_24_2025-10-28.csv -> data/
Copied IO.log -> connectivity/
[main 7f9bd8f] Hourly data update 2025-10-28 00:00:17
 4 files changed, 3639 insertions(+)
 create mode 100644 data/OMNI_23_2025-10-27.csv
 create mode 100644 data/OMNI_24_2025-10-28.csv
Syncing with remote...
From github.com:elovejoy-nyle/logz
 * branch            main       -> FETCH_HEAD
error: cannot pull with rebase: You have unstaged changes.
error: Please commit or stash them.
Rebase skipped or failed.
Push successful at 00:00:20.
=== Hourly update complete ===
Waiting for OMNI_00_2025-10-28.csv (attempt 1/5)...
Waiting for OMNI_00_2025-10-28.csv (attempt 2/5)...
Waiting for OMNI_00_2025-10-28.csv (attempt 3/5)...
Waiting for OMNI_00_2025-10-28.csv (attempt 4/5)...
Waiting for OMNI_00_2025-10-28.csv (attempt 5/5)...
Copied IO.log -> connectivity/
[main 38bb6d8] Hourly data update 2025-10-28 01:00:16
 3 files changed, 3600 insertions(+)
Syncing with remote...
From github.com:elovejoy-nyle/logz
 * branch            main       -> FETCH_HEAD
error: cannot pull with rebase: You have unstaged changes.
error: Please commit or stash them.
Rebase skipped or failed.
Push successful at 01:00:20.
=== Hourly update complete ===
Found previous hour file: OMNI_01_2025-10-28.csv
Moved OMNI_01_2025-10-28.csv -> data/
Copied IO.log -> connectivity/
[main 3f4973d] Hourly data update 2025-10-28 02:00:01
 3 files changed, 3614 insertions(+)
 create mode 100644 data/OMNI_01_2025-10-28.csv
Syncing with remote...
From github.com:elovejoy-nyle/logz
 * branch            main       -> FETCH_HEAD
error: cannot pull with rebase: You have unstaged changes.
error: Please commit or stash them.
Rebase skipped or failed.
Push successful at 02:00:04.
=== Hourly update complete ===
Found previous hour file: OMNI_02_2025-10-28.csv
Moved OMNI_02_2025-10-28.csv -> data/
Copied IO.log -> connectivity/
[main 4c1aec1] Hourly data update 2025-10-28 03:00:02
 3 files changed, 3616 insertions(+)
 create mode 100644 data/OMNI_02_2025-10-28.csv
Syncing with remote...
From github.com:elovejoy-nyle/logz
 * branch            main       -> FETCH_HEAD
error: cannot pull with rebase: You have unstaged changes.
error: Please commit or stash them.
Rebase skipped or failed.
Push successful at 03:00:05.
=== Hourly update complete ===
Found previous hour file: OMNI_03_2025-10-28.csv
Moved OMNI_03_2025-10-28.csv -> data/
Copied IO.log -> connectivity/
[main e8ccc18] Hourly data update 2025-10-28 04:00:01
 3 files changed, 3615 insertions(+)
 create mode 100644 data/OMNI_03_2025-10-28.csv
Syncing with remote...
From github.com:elovejoy-nyle/logz
 * branch            main       -> FETCH_HEAD
error: cannot pull with rebase: You have unstaged changes.
error: Please commit or stash them.
Rebase skipped or failed.
Push successful at 04:00:05.
=== Hourly update complete ===
Found previous hour file: OMNI_04_2025-10-28.csv
Moved OMNI_04_2025-10-28.csv -> data/
Copied IO.log -> connectivity/
[main fa8b070] Hourly data update 2025-10-28 05:00:01
 3 files changed, 3616 insertions(+)
 create mode 100644 data/OMNI_04_2025-10-28.csv
Syncing with remote...
From github.com:elovejoy-nyle/logz
 * branch            main       -> FETCH_HEAD
error: cannot pull with rebase: You have unstaged changes.
error: Please commit or stash them.
Rebase skipped or failed.
Push successful at 05:00:05.
=== Hourly update complete ===
Found previous hour file: OMNI_05_2025-10-28.csv
Moved OMNI_05_2025-10-28.csv -> data/
Copied IO.log -> connectivity/
[main 2afed80] Hourly data update 2025-10-28 06:00:01
 3 files changed, 3615 insertions(+)
 create mode 100644 data/OMNI_05_2025-10-28.csv
Syncing with remote...
From github.com:elovejoy-nyle/logz
 * branch            main       -> FETCH_HEAD
error: cannot pull with rebase: You have unstaged changes.
error: Please commit or stash them.
Rebase skipped or failed.
Push successful at 06:00:05.
=== Hourly update complete ===
Found previous hour file: OMNI_06_2025-10-28.csv
Moved OMNI_06_2025-10-28.csv -> data/
Copied IO.log -> connectivity/
[main fbb821c] Hourly data update 2025-10-28 07:00:01
 3 files changed, 3615 insertions(+)
 create mode 100644 data/OMNI_06_2025-10-28.csv
Syncing with remote...
From github.com:elovejoy-nyle/logz
 * branch            main       -> FETCH_HEAD
error: cannot pull with rebase: You have unstaged changes.
error: Please commit or stash them.
Rebase skipped or failed.
Push successful at 07:00:05.
=== Hourly update complete ===
Found previous hour file: OMNI_07_2025-10-28.csv
Moved OMNI_07_2025-10-28.csv -> data/
Copied IO.log -> connectivity/
[main db24023] Hourly data update 2025-10-28 08:00:01
 3 files changed, 3616 insertions(+)
 create mode 100644 data/OMNI_07_2025-10-28.csv
Syncing with remote...
From github.com:elovejoy-nyle/logz
 * branch            main       -> FETCH_HEAD
error: cannot pull with rebase: You have unstaged changes.
error: Please commit or stash them.
Rebase skipped or failed.
Push successful at 08:00:05.
=== Hourly update complete ===
Found previous hour file: OMNI_08_2025-10-28.csv
Moved OMNI_08_2025-10-28.csv -> data/
Copied IO.log -> connectivity/
[main 66d6b57] Hourly data update 2025-10-28 09:00:01
 3 files changed, 3615 insertions(+)
 create mode 100644 data/OMNI_08_2025-10-28.csv
Syncing with remote...
From github.com:elovejoy-nyle/logz
 * branch            main       -> FETCH_HEAD
error: cannot pull with rebase: You have unstaged changes.
error: Please commit or stash them.
Rebase skipped or failed.
Push successful at 09:00:06.
=== Hourly update complete ===
Found previous hour file: OMNI_09_2025-10-28.csv
Moved OMNI_09_2025-10-28.csv -> data/
Copied IO.log -> connectivity/
[main dacb9ba] Hourly data update 2025-10-28 10:00:02
 3 files changed, 3616 insertions(+)
 create mode 100644 data/OMNI_09_2025-10-28.csv
Syncing with remote...
From github.com:elovejoy-nyle/logz
 * branch            main       -> FETCH_HEAD
error: cannot pull with rebase: You have unstaged changes.
error: Please commit or stash them.
Rebase skipped or failed.
Push successful at 10:00:14.
=== Hourly update complete ===
Found previous hour file: OMNI_10_2025-10-28.csv
Moved OMNI_10_2025-10-28.csv -> data/
Copied IO.log -> connectivity/
[main cefc3df] Hourly data update 2025-10-28 11:00:01
 3 files changed, 3615 insertions(+)
 create mode 100644 data/OMNI_10_2025-10-28.csv
Syncing with remote...
From github.com:elovejoy-nyle/logz
 * branch            main       -> FETCH_HEAD
error: cannot pull with rebase: You have unstaged changes.
error: Please commit or stash them.
Rebase skipped or failed.
Push successful at 11:00:28.
=== Hourly update complete ===
Found previous hour file: OMNI_11_2025-10-28.csv
Moved OMNI_11_2025-10-28.csv -> data/
Copied IO.log -> connectivity/
[main a0cafda] Hourly data update 2025-10-28 12:00:01
 3 files changed, 3616 insertions(+)
 create mode 100644 data/OMNI_11_2025-10-28.csv
Syncing with remote...
From github.com:elovejoy-nyle/logz
 * branch            main       -> FETCH_HEAD
error: cannot pull with rebase: You have unstaged changes.
error: Please commit or stash them.
Rebase skipped or failed.
Push successful at 12:00:13.
=== Hourly update complete ===
Found previous hour file: OMNI_12_2025-10-28.csv
Moved OMNI_12_2025-10-28.csv -> data/
Copied IO.log -> connectivity/
[main da6df23] Hourly data update 2025-10-28 13:00:01
 3 files changed, 3615 insertions(+)
 create mode 100644 data/OMNI_12_2025-10-28.csv
Syncing with remote...
From github.com:elovejoy-nyle/logz
 * branch            main       -> FETCH_HEAD
error: cannot pull with rebase: You have unstaged changes.
error: Please commit or stash them.
Rebase skipped or failed.
Push successful at 13:00:11.
=== Hourly update complete ===
Found previous hour file: OMNI_13_2025-10-28.csv
Moved OMNI_13_2025-10-28.csv -> data/
Copied IO.log -> connectivity/
[main c15d15e] Hourly data update 2025-10-28 14:00:01
 3 files changed, 3615 insertions(+)
 create mode 100644 data/OMNI_13_2025-10-28.csv
Syncing with remote...
From github.com:elovejoy-nyle/logz
 * branch            main       -> FETCH_HEAD
error: cannot pull with rebase: You have unstaged changes.
error: Please commit or stash them.
Rebase skipped or failed.
Push successful at 14:00:06.
=== Hourly update complete ===
Found previous hour file: OMNI_14_2025-10-28.csv
Moved OMNI_14_2025-10-28.csv -> data/
Copied IO.log -> connectivity/
[main d1a4a3b] Hourly data update 2025-10-28 15:00:02
 3 files changed, 3616 insertions(+)
 create mode 100644 data/OMNI_14_2025-10-28.csv
Syncing with remote...
From github.com:elovejoy-nyle/logz
 * branch            main       -> FETCH_HEAD
error: cannot pull with rebase: You have unstaged changes.
error: Please commit or stash them.
Rebase skipped or failed.
Push successful at 15:00:06.
=== Hourly update complete ===
Found previous hour file: OMNI_15_2025-10-28.csv
Moved OMNI_15_2025-10-28.csv -> data/
Copied IO.log -> connectivity/
[main 7791512] Hourly data update 2025-10-28 16:00:01
 3 files changed, 3615 insertions(+)
 create mode 100644 data/OMNI_15_2025-10-28.csv
Syncing with remote...
From github.com:elovejoy-nyle/logz
 * branch            main       -> FETCH_HEAD
error: cannot pull with rebase: You have unstaged changes.
error: Please commit or stash them.
Rebase skipped or failed.
Push successful at 16:00:05.
=== Hourly update complete ===
Found previous hour file: OMNI_16_2025-10-28.csv
Moved OMNI_16_2025-10-28.csv -> data/
Copied IO.log -> connectivity/
[main fe59f37] Hourly data update 2025-10-28 17:00:01
 3 files changed, 3616 insertions(+)
 create mode 100644 data/OMNI_16_2025-10-28.csv
Syncing with remote...
From github.com:elovejoy-nyle/logz
 * branch            main       -> FETCH_HEAD
error: cannot pull with rebase: You have unstaged changes.
error: Please commit or stash them.
Rebase skipped or failed.
Push successful at 17:00:05.
=== Hourly update complete ===
Found previous hour file: OMNI_17_2025-10-28.csv
Moved OMNI_17_2025-10-28.csv -> data/
Copied IO.log -> connectivity/
[main 4f0b3e8] Hourly data update 2025-10-28 18:00:01
 3 files changed, 3615 insertions(+)
 create mode 100644 data/OMNI_17_2025-10-28.csv
Syncing with remote...
From github.com:elovejoy-nyle/logz
 * branch            main       -> FETCH_HEAD
error: cannot pull with rebase: You have unstaged changes.
error: Please commit or stash them.
Rebase skipped or failed.
Push successful at 18:00:05.
=== Hourly update complete ===
Found previous hour file: OMNI_18_2025-10-28.csv
Moved OMNI_18_2025-10-28.csv -> data/
Copied IO.log -> connectivity/
[main 16def6b] Hourly data update 2025-10-28 19:00:01
 3 files changed, 3616 insertions(+)
 create mode 100644 data/OMNI_18_2025-10-28.csv
Syncing with remote...
From github.com:elovejoy-nyle/logz
 * branch            main       -> FETCH_HEAD
error: cannot pull with rebase: You have unstaged changes.
error: Please commit or stash them.
Rebase skipped or failed.
Push successful at 19:00:05.
=== Hourly update complete ===
Found previous hour file: OMNI_19_2025-10-28.csv
Moved OMNI_19_2025-10-28.csv -> data/
Copied IO.log -> connectivity/
[main 4d87d74] Hourly data update 2025-10-28 20:00:01
 3 files changed, 3615 insertions(+)
 create mode 100644 data/OMNI_19_2025-10-28.csv
Syncing with remote...
From github.com:elovejoy-nyle/logz
 * branch            main       -> FETCH_HEAD
error: cannot pull with rebase: You have unstaged changes.
error: Please commit or stash them.
Rebase skipped or failed.
Push successful at 20:00:04.
=== Hourly update complete ===
Found previous hour file: OMNI_20_2025-10-28.csv
Moved OMNI_20_2025-10-28.csv -> data/
Copied IO.log -> connectivity/
[main e4e901d] Hourly data update 2025-10-28 21:00:01
 3 files changed, 3616 insertions(+)
 create mode 100644 data/OMNI_20_2025-10-28.csv
Syncing with remote...
From github.com:elovejoy-nyle/logz
 * branch            main       -> FETCH_HEAD
error: cannot pull with rebase: You have unstaged changes.
error: Please commit or stash them.
Rebase skipped or failed.
Push successful at 21:00:04.
=== Hourly update complete ===
Found previous hour file: OMNI_21_2025-10-28.csv
Moved OMNI_21_2025-10-28.csv -> data/
Copied IO.log -> connectivity/
[main 6e7a964] Hourly data update 2025-10-28 22:00:02
 3 files changed, 3615 insertions(+)
 create mode 100644 data/OMNI_21_2025-10-28.csv
Syncing with remote...
From github.com:elovejoy-nyle/logz
 * branch            main       -> FETCH_HEAD
error: cannot pull with rebase: You have unstaged changes.
error: Please commit or stash them.
Rebase skipped or failed.
Push successful at 22:00:05.
=== Hourly update complete ===
Found previous hour file: OMNI_22_2025-10-28.csv
Moved OMNI_22_2025-10-28.csv -> data/
Copied IO.log -> connectivity/
[main 5726565] Hourly data update 2025-10-28 23:00:02
 3 files changed, 3616 insertions(+)
 create mode 100644 data/OMNI_22_2025-10-28.csv
Syncing with remote...
From github.com:elovejoy-nyle/logz
 * branch            main       -> FETCH_HEAD
error: cannot pull with rebase: You have unstaged changes.
error: Please commit or stash them.
Rebase skipped or failed.
Push successful at 23:00:05.
=== Hourly update complete ===
Waiting for OMNI_23_2025-10-29.csv (attempt 1/5)...
Waiting for OMNI_23_2025-10-29.csv (attempt 2/5)...
Waiting for OMNI_23_2025-10-29.csv (attempt 3/5)...
Waiting for OMNI_23_2025-10-29.csv (attempt 4/5)...
Waiting for OMNI_23_2025-10-29.csv (attempt 5/5)...
Moved old file OMNI_23_2025-10-28.csv -> data/
Moved old file OMNI_24_2025-10-29.csv -> data/
Copied IO.log -> connectivity/
[main 8f50c56] Hourly data update 2025-10-29 00:00:17
 4 files changed, 3639 insertions(+)
 create mode 100644 data/OMNI_23_2025-10-28.csv
 create mode 100644 data/OMNI_24_2025-10-29.csv
Syncing with remote...
From github.com:elovejoy-nyle/logz
 * branch            main       -> FETCH_HEAD
error: cannot pull with rebase: You have unstaged changes.
error: Please commit or stash them.
Rebase skipped or failed.
Push successful at 00:00:20.
=== Hourly update complete ===
Waiting for OMNI_00_2025-10-29.csv (attempt 1/5)...
Waiting for OMNI_00_2025-10-29.csv (attempt 2/5)...
Waiting for OMNI_00_2025-10-29.csv (attempt 3/5)...
Waiting for OMNI_00_2025-10-29.csv (attempt 4/5)...
Waiting for OMNI_00_2025-10-29.csv (attempt 5/5)...
Copied IO.log -> connectivity/
[main bb599f3] Hourly data update 2025-10-29 01:00:16
 3 files changed, 3600 insertions(+)
Syncing with remote...
From github.com:elovejoy-nyle/logz
 * branch            main       -> FETCH_HEAD
error: cannot pull with rebase: You have unstaged changes.
error: Please commit or stash them.
Rebase skipped or failed.
Push successful at 01:00:19.
=== Hourly update complete ===
Found previous hour file: OMNI_01_2025-10-29.csv
Moved OMNI_01_2025-10-29.csv -> data/
Copied IO.log -> connectivity/
[main 26605df] Hourly data update 2025-10-29 02:00:01
 3 files changed, 3614 insertions(+)
 create mode 100644 data/OMNI_01_2025-10-29.csv
Syncing with remote...
From github.com:elovejoy-nyle/logz
 * branch            main       -> FETCH_HEAD
error: cannot pull with rebase: You have unstaged changes.
error: Please commit or stash them.
Rebase skipped or failed.
Push successful at 02:00:04.
=== Hourly update complete ===
Found previous hour file: OMNI_02_2025-10-29.csv
Moved OMNI_02_2025-10-29.csv -> data/
Copied IO.log -> connectivity/
[main 21eae8d] Hourly data update 2025-10-29 03:00:02
 3 files changed, 3616 insertions(+)
 create mode 100644 data/OMNI_02_2025-10-29.csv
Syncing with remote...
From github.com:elovejoy-nyle/logz
 * branch            main       -> FETCH_HEAD
error: cannot pull with rebase: You have unstaged changes.
error: Please commit or stash them.
Rebase skipped or failed.
Push successful at 03:00:05.
=== Hourly update complete ===
Found previous hour file: OMNI_03_2025-10-29.csv
Moved OMNI_03_2025-10-29.csv -> data/
Copied IO.log -> connectivity/
[main 02f733c] Hourly data update 2025-10-29 04:00:01
 3 files changed, 3616 insertions(+)
 create mode 100644 data/OMNI_03_2025-10-29.csv
Syncing with remote...
From github.com:elovejoy-nyle/logz
 * branch            main       -> FETCH_HEAD
error: cannot pull with rebase: You have unstaged changes.
error: Please commit or stash them.
Rebase skipped or failed.
Push successful at 04:00:04.
=== Hourly update complete ===
Found previous hour file: OMNI_04_2025-10-29.csv
Moved OMNI_04_2025-10-29.csv -> data/
Copied IO.log -> connectivity/
[main 1eae436] Hourly data update 2025-10-29 05:00:01
 3 files changed, 3615 insertions(+)
 create mode 100644 data/OMNI_04_2025-10-29.csv
Syncing with remote...
From github.com:elovejoy-nyle/logz
 * branch            main       -> FETCH_HEAD
error: cannot pull with rebase: You have unstaged changes.
error: Please commit or stash them.
Rebase skipped or failed.
Push successful at 05:00:05.
=== Hourly update complete ===
Found previous hour file: OMNI_05_2025-10-29.csv
Moved OMNI_05_2025-10-29.csv -> data/
Copied IO.log -> connectivity/
[main 96c0448] Hourly data update 2025-10-29 06:00:01
 3 files changed, 3615 insertions(+)
 create mode 100644 data/OMNI_05_2025-10-29.csv
Syncing with remote...
From github.com:elovejoy-nyle/logz
 * branch            main       -> FETCH_HEAD
error: cannot pull with rebase: You have unstaged changes.
error: Please commit or stash them.
Rebase skipped or failed.
Push successful at 06:00:04.
=== Hourly update complete ===
Found previous hour file: OMNI_06_2025-10-29.csv
Moved OMNI_06_2025-10-29.csv -> data/
Copied IO.log -> connectivity/
[main 7331775] Hourly data update 2025-10-29 07:00:01
 3 files changed, 3616 insertions(+)
 create mode 100644 data/OMNI_06_2025-10-29.csv
Syncing with remote...
From github.com:elovejoy-nyle/logz
 * branch            main       -> FETCH_HEAD
error: cannot pull with rebase: You have unstaged changes.
error: Please commit or stash them.
Rebase skipped or failed.
Push successful at 07:00:04.
=== Hourly update complete ===
Found previous hour file: OMNI_07_2025-10-29.csv
Moved OMNI_07_2025-10-29.csv -> data/
Copied IO.log -> connectivity/
[main ed87ab7] Hourly data update 2025-10-29 08:00:02
 3 files changed, 3615 insertions(+)
 create mode 100644 data/OMNI_07_2025-10-29.csv
Syncing with remote...
From github.com:elovejoy-nyle/logz
 * branch            main       -> FETCH_HEAD
error: cannot pull with rebase: You have unstaged changes.
error: Please commit or stash them.
Rebase skipped or failed.
Push successful at 08:00:05.
=== Hourly update complete ===
Found previous hour file: OMNI_08_2025-10-29.csv
Moved OMNI_08_2025-10-29.csv -> data/
Copied IO.log -> connectivity/
[main ae88e49] Hourly data update 2025-10-29 09:00:02
 3 files changed, 4378 insertions(+)
 create mode 100644 data/OMNI_08_2025-10-29.csv
Syncing with remote...
From github.com:elovejoy-nyle/logz
 * branch            main       -> FETCH_HEAD
error: cannot pull with rebase: You have unstaged changes.
error: Please commit or stash them.
Rebase skipped or failed.
Push successful at 09:00:05.
=== Hourly update complete ===
Found previous hour file: OMNI_09_2025-10-29.csv
Moved OMNI_09_2025-10-29.csv -> data/
Copied IO.log -> connectivity/
[main bd1ec0b] Hourly data update 2025-10-29 10:00:02
 3 files changed, 3615 insertions(+)
 create mode 100644 data/OMNI_09_2025-10-29.csv
Syncing with remote...
From github.com:elovejoy-nyle/logz
 * branch            main       -> FETCH_HEAD
error: cannot pull with rebase: You have unstaged changes.
error: Please commit or stash them.
Rebase skipped or failed.
Push successful at 10:00:05.
=== Hourly update complete ===
Found previous hour file: OMNI_10_2025-10-29.csv
Moved OMNI_10_2025-10-29.csv -> data/
Copied IO.log -> connectivity/
Found previous hour file: OMNI_11_2025-10-29.csv
Moved OMNI_11_2025-10-29.csv -> data/
Copied IO.log -> connectivity/
[main 5c21917] Hourly data update 2025-10-29 12:00:02
 3 files changed, 4005 insertions(+)
 create mode 100644 data/OMNI_11_2025-10-29.csv
Syncing with remote...
From github.com:elovejoy-nyle/logz
 * branch            main       -> FETCH_HEAD
error: cannot pull with rebase: You have unstaged changes.
error: Please commit or stash them.
Rebase skipped or failed.
Push successful at 12:00:05.
=== Hourly update complete ===
/home/w/update_log2.sh: line 22: syntax error near unexpected token `fi'
/home/w/update_log2.sh: line 22: syntax error near unexpected token `fi'
/home/w/update_log2.sh: line 22: syntax error near unexpected token `fi'
/home/w/update_log2.sh: line 22: syntax error near unexpected token `fi'
/home/w/update_log2.sh: line 22: syntax error near unexpected token `fi'
/home/w/update_log2.sh: line 22: syntax error near unexpected token `fi'
/home/w/update_log2.sh: line 22: syntax error near unexpected token `fi'
/home/w/update_log2.sh: line 22: syntax error near unexpected token `fi'
/home/w/update_log2.sh: line 22: syntax error near unexpected token `fi'
/home/w/update_log2.sh: line 22: syntax error near unexpected token `fi'
/home/w/update_log2.sh: line 22: syntax error near unexpected token `fi'
/home/w/update_log2.sh: line 22: syntax error near unexpected token `fi'
/home/w/update_log2.sh: line 22: syntax error near unexpected token `fi'
/home/w/update_log2.sh: line 22: syntax error near unexpected token `fi'
/home/w/update_log2.sh: line 22: syntax error near unexpected token `fi'
/home/w/update_log2.sh: line 22: syntax error near unexpected token `fi'
/home/w/update_log2.sh: line 22: syntax error near unexpected token `fi'
/home/w/update_log2.sh: line 22: syntax error near unexpected token `fi'
/home/w/update_log2.sh: line 22: syntax error near unexpected token `fi'
Found previous hour file: OMNI_07_2025-10-30.csv
Moved OMNI_07_2025-10-30.csv -> data/
Moved old file OMNI_01_2025-10-30.csv -> data/
Moved old file OMNI_07_2025-10-28.csv -> data/
Copied IO.log -> connectivity/
[main a39b113] Hourly data update 2025-10-30 08:00:05
 23 files changed, 79801 insertions(+)
 create mode 100644 data/OMNI_01_2025-10-30.csv
 create mode 100644 data/OMNI_02_2025-10-30.csv
 create mode 100644 data/OMNI_03_2025-10-30.csv
 create mode 100644 data/OMNI_04_2025-10-30.csv
 create mode 100644 data/OMNI_05_2025-10-30.csv
 create mode 100644 data/OMNI_06_2025-10-30.csv
 create mode 100644 data/OMNI_07_2025-10-30.csv
 create mode 100644 data/OMNI_12_2025-10-29.csv
 create mode 100644 data/OMNI_13_2025-10-29.csv
 create mode 100644 data/OMNI_14_2025-10-29.csv
 create mode 100644 data/OMNI_15_2025-10-29.csv
 create mode 100644 data/OMNI_16_2025-10-29.csv
 create mode 100644 data/OMNI_17_2025-10-29.csv
 create mode 100644 data/OMNI_18_2025-10-29.csv
 create mode 100644 data/OMNI_19_2025-10-29.csv
 create mode 100644 data/OMNI_20_2025-10-29.csv
 create mode 100644 data/OMNI_21_2025-10-29.csv
 create mode 100644 data/OMNI_22_2025-10-29.csv
 create mode 100644 data/OMNI_23_2025-10-29.csv
 create mode 100644 data/OMNI_24_2025-10-30.csv
Syncing with remote...
From github.com:elovejoy-nyle/logz
 * branch            main       -> FETCH_HEAD
error: cannot pull with rebase: You have unstaged changes.
error: Please commit or stash them.
Rebase skipped or failed.
Push successful at 08:00:54.
=== Hourly update complete ===
Found previous hour file: OMNI_08_2025-10-30.csv
Moved OMNI_08_2025-10-30.csv -> data/
Copied IO.log -> connectivity/
[main ba04dac] Hourly data update 2025-10-30 09:00:01
 3 files changed, 4115 insertions(+)
 create mode 100644 data/OMNI_08_2025-10-30.csv
Syncing with remote...
From github.com:elovejoy-nyle/logz
 * branch            main       -> FETCH_HEAD
error: cannot pull with rebase: You have unstaged changes.
error: Please commit or stash them.
Rebase skipped or failed.
Push successful at 09:00:06.
=== Hourly update complete ===
Found previous hour file: OMNI_09_2025-10-30.csv
Moved OMNI_09_2025-10-30.csv -> data/
Copied IO.log -> connectivity/
[main bd07885] Hourly data update 2025-10-30 10:00:01
 3 files changed, 4095 insertions(+)
 create mode 100644 data/OMNI_09_2025-10-30.csv
Syncing with remote...
From github.com:elovejoy-nyle/logz
 * branch            main       -> FETCH_HEAD
error: cannot pull with rebase: You have unstaged changes.
error: Please commit or stash them.
Rebase skipped or failed.
Push successful at 10:00:09.
=== Hourly update complete ===
Found previous hour file: OMNI_10_2025-10-30.csv
Moved OMNI_10_2025-10-30.csv -> data/
Copied IO.log -> connectivity/
[main 15c6cae] Hourly data update 2025-10-30 11:00:01
 3 files changed, 4096 insertions(+)
 create mode 100644 data/OMNI_10_2025-10-30.csv
Syncing with remote...
From github.com:elovejoy-nyle/logz
 * branch            main       -> FETCH_HEAD
error: cannot pull with rebase: You have unstaged changes.
error: Please commit or stash them.
Rebase skipped or failed.
Push successful at 11:00:08.
=== Hourly update complete ===
Found previous hour file: OMNI_11_2025-10-30.csv
Moved OMNI_11_2025-10-30.csv -> data/
Copied IO.log -> connectivity/
[main 0b18d7a] Hourly data update 2025-10-30 12:00:01
 3 files changed, 4095 insertions(+)
 create mode 100644 data/OMNI_11_2025-10-30.csv
Syncing with remote...
From github.com:elovejoy-nyle/logz
 * branch            main       -> FETCH_HEAD
error: cannot pull with rebase: You have unstaged changes.
error: Please commit or stash them.
Rebase skipped or failed.
Push successful at 12:00:12.
=== Hourly update complete ===
Found previous hour file: OMNI_12_2025-10-30.csv
Moved OMNI_12_2025-10-30.csv -> data/
Copied IO.log -> connectivity/
[main c052018] Hourly data update 2025-10-30 13:00:01
 3 files changed, 4095 insertions(+)
 create mode 100644 data/OMNI_12_2025-10-30.csv
Syncing with remote...
From github.com:elovejoy-nyle/logz
 * branch            main       -> FETCH_HEAD
error: cannot pull with rebase: You have unstaged changes.
error: Please commit or stash them.
Rebase skipped or failed.
Push successful at 13:00:10.
=== Hourly update complete ===
Found previous hour file: OMNI_13_2025-10-30.csv
Moved OMNI_13_2025-10-30.csv -> data/
Copied IO.log -> connectivity/
[main 5ee68e9] Hourly data update 2025-10-30 14:00:01
 3 files changed, 4096 insertions(+)
 create mode 100644 data/OMNI_13_2025-10-30.csv
Syncing with remote...
From github.com:elovejoy-nyle/logz
 * branch            main       -> FETCH_HEAD
error: cannot pull with rebase: You have unstaged changes.
error: Please commit or stash them.
Rebase skipped or failed.
Push successful at 14:00:04.
=== Hourly update complete ===
Found previous hour file: OMNI_14_2025-10-30.csv
Moved OMNI_14_2025-10-30.csv -> data/
Copied IO.log -> connectivity/
[main 8d00ff0] Hourly data update 2025-10-30 15:00:02
 3 files changed, 4095 insertions(+)
 create mode 100644 data/OMNI_14_2025-10-30.csv
Syncing with remote...
From github.com:elovejoy-nyle/logz
 * branch            main       -> FETCH_HEAD
error: cannot pull with rebase: You have unstaged changes.
error: Please commit or stash them.
Rebase skipped or failed.
Push successful at 15:00:09.
=== Hourly update complete ===
Found previous hour file: OMNI_15_2025-10-30.csv
Moved OMNI_15_2025-10-30.csv -> data/
Copied IO.log -> connectivity/
[main f6c91a7] Hourly data update 2025-10-30 16:00:02
 3 files changed, 4096 insertions(+)
 create mode 100644 data/OMNI_15_2025-10-30.csv
Syncing with remote...
From github.com:elovejoy-nyle/logz
 * branch            main       -> FETCH_HEAD
error: cannot pull with rebase: You have unstaged changes.
error: Please commit or stash them.
Rebase skipped or failed.
Push successful at 16:00:06.
=== Hourly update complete ===
Found previous hour file: OMNI_16_2025-10-30.csv
Moved OMNI_16_2025-10-30.csv -> data/
Copied IO.log -> connectivity/
[main 59591eb] Hourly data update 2025-10-30 17:00:02
 3 files changed, 4095 insertions(+)
 create mode 100644 data/OMNI_16_2025-10-30.csv
Syncing with remote...
From github.com:elovejoy-nyle/logz
 * branch            main       -> FETCH_HEAD
error: cannot pull with rebase: You have unstaged changes.
error: Please commit or stash them.
Rebase skipped or failed.
Push successful at 17:00:06.
=== Hourly update complete ===
Found previous hour file: OMNI_17_2025-10-30.csv
Moved OMNI_17_2025-10-30.csv -> data/
Copied IO.log -> connectivity/
[main 6e85204] Hourly data update 2025-10-30 18:00:01
 3 files changed, 4096 insertions(+)
 create mode 100644 data/OMNI_17_2025-10-30.csv
Syncing with remote...
From github.com:elovejoy-nyle/logz
 * branch            main       -> FETCH_HEAD
error: cannot pull with rebase: You have unstaged changes.
error: Please commit or stash them.
Rebase skipped or failed.
Push successful at 18:00:04.
=== Hourly update complete ===
Found previous hour file: OMNI_18_2025-10-30.csv
Moved OMNI_18_2025-10-30.csv -> data/
Copied IO.log -> connectivity/
[main 7a2d92c] Hourly data update 2025-10-30 19:00:01
 3 files changed, 4095 insertions(+)
 create mode 100644 data/OMNI_18_2025-10-30.csv
Syncing with remote...
From github.com:elovejoy-nyle/logz
 * branch            main       -> FETCH_HEAD
error: cannot pull with rebase: You have unstaged changes.
error: Please commit or stash them.
Rebase skipped or failed.
Push successful at 19:00:04.
=== Hourly update complete ===
=== Hourly update started at 2025-11-03 14:39:17 ===
[main 96feff0] Hourly data update 2025-11-03 14:39:17
 85 files changed, 2439 insertions(+), 305977 deletions(-)
 delete mode 100644 connectivity/readio_service.err
 delete mode 100644 connectivity/readio_service.log
 delete mode 100644 data/OMNI_01_2025-10-28.csv
 delete mode 100644 data/OMNI_01_2025-10-29.csv
 delete mode 100644 data/OMNI_01_2025-10-30.csv
 delete mode 100644 data/OMNI_02_2025-10-28.csv
 delete mode 100644 data/OMNI_02_2025-10-29.csv
 delete mode 100644 data/OMNI_02_2025-10-30.csv
 delete mode 100644 data/OMNI_03_2025-10-28.csv
 delete mode 100644 data/OMNI_03_2025-10-29.csv
 delete mode 100644 data/OMNI_03_2025-10-30.csv
 delete mode 100644 data/OMNI_04_2025-10-28.csv
 delete mode 100644 data/OMNI_04_2025-10-29.csv
 delete mode 100644 data/OMNI_04_2025-10-30.csv
 delete mode 100644 data/OMNI_05_2025-10-28.csv
 delete mode 100644 data/OMNI_05_2025-10-29.csv
 delete mode 100644 data/OMNI_05_2025-10-30.csv
 delete mode 100644 data/OMNI_06_2025-10-28.csv
 delete mode 100644 data/OMNI_06_2025-10-29.csv
 delete mode 100644 data/OMNI_06_2025-10-30.csv
 delete mode 100644 data/OMNI_07_2025-10-28.csv
 delete mode 100644 data/OMNI_07_2025-10-29.csv
 delete mode 100644 data/OMNI_07_2025-10-30.csv
 delete mode 100644 data/OMNI_08_2025-10-28.csv
 delete mode 100644 data/OMNI_08_2025-10-29.csv
 delete mode 100644 data/OMNI_08_2025-10-30.csv
 delete mode 100644 data/OMNI_09_2025-10-28.csv
 delete mode 100644 data/OMNI_09_2025-10-29.csv
 delete mode 100644 data/OMNI_09_2025-10-30.csv
 delete mode 100644 data/OMNI_10_2025-10-28.csv
 delete mode 100644 data/OMNI_10_2025-10-29.csv
 delete mode 100644 data/OMNI_10_2025-10-30.csv
 delete mode 100644 data/OMNI_11_2025-10-28.csv
 delete mode 100644 data/OMNI_11_2025-10-29.csv
 delete mode 100644 data/OMNI_11_2025-10-30.csv
 delete mode 100644 data/OMNI_12_2025-10-28.csv
 delete mode 100644 data/OMNI_12_2025-10-29.csv
 delete mode 100644 data/OMNI_12_2025-10-30.csv
 delete mode 100644 data/OMNI_13_2025-10-27.csv
 delete mode 100644 data/OMNI_13_2025-10-28.csv
 delete mode 100644 data/OMNI_13_2025-10-29.csv
 delete mode 100644 data/OMNI_13_2025-10-30.csv
 create mode 100644 data/OMNI_13_2025-11-03.csv
 delete mode 100644 data/OMNI_14_2025-10-27.csv
 delete mode 100644 data/OMNI_14_2025-10-28.csv
 delete mode 100644 data/OMNI_14_2025-10-29.csv
 delete mode 100644 data/OMNI_14_2025-10-30.csv
 create mode 100644 data/OMNI_14_2025-11-03.csv
 delete mode 100644 data/OMNI_15_2025-10-27.csv
 delete mode 100644 data/OMNI_15_2025-10-28.csv
 delete mode 100644 data/OMNI_15_2025-10-29.csv
 delete mode 100644 data/OMNI_15_2025-10-30.csv
 delete mode 100644 data/OMNI_16_2025-10-27.csv
 delete mode 100644 data/OMNI_16_2025-10-28.csv
 delete mode 100644 data/OMNI_16_2025-10-29.csv
 delete mode 100644 data/OMNI_16_2025-10-30.csv
 delete mode 100644 data/OMNI_17_2025-10-27.csv
 delete mode 100644 data/OMNI_17_2025-10-28.csv
 delete mode 100644 data/OMNI_17_2025-10-29.csv
 delete mode 100644 data/OMNI_17_2025-10-30.csv
 delete mode 100644 data/OMNI_18_2025-10-27.csv
 delete mode 100644 data/OMNI_18_2025-10-28.csv
 delete mode 100644 data/OMNI_18_2025-10-29.csv
 delete mode 100644 data/OMNI_18_2025-10-30.csv
 delete mode 100644 data/OMNI_19_2025-10-27.csv
 delete mode 100644 data/OMNI_19_2025-10-28.csv
 delete mode 100644 data/OMNI_19_2025-10-29.csv
 delete mode 100644 data/OMNI_20_2025-10-27.csv
 delete mode 100644 data/OMNI_20_2025-10-28.csv
 delete mode 100644 data/OMNI_20_2025-10-29.csv
 delete mode 100644 data/OMNI_21_2025-10-27.csv
 delete mode 100644 data/OMNI_21_2025-10-28.csv
 delete mode 100644 data/OMNI_21_2025-10-29.csv
 delete mode 100644 data/OMNI_22_2025-10-27.csv
 delete mode 100644 data/OMNI_22_2025-10-28.csv
 delete mode 100644 data/OMNI_22_2025-10-29.csv
 delete mode 100644 data/OMNI_23_2025-10-27.csv
 delete mode 100644 data/OMNI_23_2025-10-28.csv
 delete mode 100644 data/OMNI_23_2025-10-29.csv
 delete mode 100644 data/OMNI_24_2025-10-28.csv
 delete mode 100644 data/OMNI_24_2025-10-29.csv
 delete mode 100644 data/OMNI_24_2025-10-30.csv
 delete mode 100644 data/about.txt
Fetching remote updates...
From github.com:elovejoy-nyle/logz
 * branch            main       -> FETCH_HEAD
Merging remote changes...
Already up to date.
Pushing to remote...
To github.com:elovejoy-nyle/logz.git
   7a2d92c..96feff0  main -> main
Push successful.
=== Hourly update complete at 2025-11-03 14:39:17 ===

=== Hourly update started at 2025-11-03 15:00:01 ===
[main 9f53146] Hourly data update 2025-11-03 15:00:01
 3 files changed, 1342 insertions(+)
 create mode 100644 data/OMNI_15_2025-11-03.csv
Fetching remote updates...
From github.com:elovejoy-nyle/logz
 * branch            main       -> FETCH_HEAD
Merging remote changes...
Already up to date.
Pushing to remote...
To github.com:elovejoy-nyle/logz.git
   96feff0..9f53146  main -> main
Push successful.
=== Hourly update complete at 2025-11-03 15:00:01 ===

=== Hourly update started at 2025-11-03 16:00:01 ===
[main 36083ca] Hourly data update 2025-11-03 16:00:01
 3 files changed, 3616 insertions(+)
 create mode 100644 data/OMNI_16_2025-11-03.csv
Fetching remote updates...
From github.com:elovejoy-nyle/logz
 * branch            main       -> FETCH_HEAD
Merging remote changes...
Already up to date.
Pushing to remote...
To github.com:elovejoy-nyle/logz.git
   9f53146..36083ca  main -> main
Push successful.
=== Hourly update complete at 2025-11-03 16:00:01 ===

=== Hourly update started at 2025-11-03 17:00:01 ===
[main d6efdbc] Hourly data update 2025-11-03 17:00:01
 3 files changed, 3615 insertions(+)
 create mode 100644 data/OMNI_17_2025-11-03.csv
Fetching remote updates...
From github.com:elovejoy-nyle/logz
 * branch            main       -> FETCH_HEAD
Merging remote changes...
Already up to date.
Pushing to remote...
To github.com:elovejoy-nyle/logz.git
   36083ca..d6efdbc  main -> main
Push successful.
=== Hourly update complete at 2025-11-03 17:00:01 ===

=== Hourly update started at 2025-11-03 18:00:01 ===
[main 16cdc40] Hourly data update 2025-11-03 18:00:01
 3 files changed, 3616 insertions(+)
 create mode 100644 data/OMNI_18_2025-11-03.csv
Fetching remote updates...
From github.com:elovejoy-nyle/logz
 * branch            main       -> FETCH_HEAD
Merging remote changes...
Already up to date.
Pushing to remote...
To github.com:elovejoy-nyle/logz.git
   d6efdbc..16cdc40  main -> main
Push successful.
=== Hourly update complete at 2025-11-03 18:00:01 ===

=== Hourly update started at 2025-11-03 19:00:01 ===
[main 104de06] Hourly data update 2025-11-03 19:00:01
 3 files changed, 3615 insertions(+)
 create mode 100644 data/OMNI_19_2025-11-03.csv
Fetching remote updates...
From github.com:elovejoy-nyle/logz
 * branch            main       -> FETCH_HEAD
Merging remote changes...
Already up to date.
Pushing to remote...
To github.com:elovejoy-nyle/logz.git
   16cdc40..104de06  main -> main
Push successful.
=== Hourly update complete at 2025-11-03 19:00:01 ===

=== Hourly update started at 2025-11-03 20:00:01 ===
[main b80d761] Hourly data update 2025-11-03 20:00:01
 3 files changed, 3615 insertions(+)
 create mode 100644 data/OMNI_20_2025-11-03.csv
Fetching remote updates...
From github.com:elovejoy-nyle/logz
 * branch            main       -> FETCH_HEAD
Merging remote changes...
Already up to date.
Pushing to remote...
To github.com:elovejoy-nyle/logz.git
   104de06..b80d761  main -> main
Push successful.
=== Hourly update complete at 2025-11-03 20:00:01 ===

=== Hourly update started at 2025-11-03 21:00:01 ===
[main 4040503] Hourly data update 2025-11-03 21:00:01
 3 files changed, 3617 insertions(+)
 create mode 100644 data/OMNI_21_2025-11-03.csv
Fetching remote updates...
From github.com:elovejoy-nyle/logz
 * branch            main       -> FETCH_HEAD
Merging remote changes...
Already up to date.
Pushing to remote...
To github.com:elovejoy-nyle/logz.git
   b80d761..4040503  main -> main
Push successful.
=== Hourly update complete at 2025-11-03 21:00:01 ===

=== Hourly update started at 2025-11-03 22:00:01 ===
[main fbfec64] Hourly data update 2025-11-03 22:00:01
 3 files changed, 3615 insertions(+)
 create mode 100644 data/OMNI_22_2025-11-03.csv
Fetching remote updates...
From github.com:elovejoy-nyle/logz
 * branch            main       -> FETCH_HEAD
Merging remote changes...
Already up to date.
Pushing to remote...
To github.com:elovejoy-nyle/logz.git
   4040503..fbfec64  main -> main
Push successful.
=== Hourly update complete at 2025-11-03 22:00:01 ===

=== Hourly update started at 2025-11-03 23:00:01 ===
[main cea398e] Hourly data update 2025-11-03 23:00:01
 3 files changed, 3615 insertions(+)
 create mode 100644 data/OMNI_23_2025-11-03.csv
Fetching remote updates...
From github.com:elovejoy-nyle/logz
 * branch            main       -> FETCH_HEAD
Merging remote changes...
Already up to date.
Pushing to remote...
To github.com:elovejoy-nyle/logz.git
   fbfec64..cea398e  main -> main
Push successful.
=== Hourly update complete at 2025-11-03 23:00:01 ===

=== Hourly update started at 2025-11-04 00:00:01 ===
[main ed6efd2] Hourly data update 2025-11-04 00:00:01
 3 files changed, 3616 insertions(+)
 create mode 100644 data/OMNI_24_2025-11-04.csv
Fetching remote updates...
From github.com:elovejoy-nyle/logz
 * branch            main       -> FETCH_HEAD
Merging remote changes...
Already up to date.
Pushing to remote...
To github.com:elovejoy-nyle/logz.git
   cea398e..ed6efd2  main -> main
Push successful.
=== Hourly update complete at 2025-11-04 00:00:01 ===

=== Hourly update started at 2025-11-04 01:00:01 ===
[main 07e2185] Hourly data update 2025-11-04 01:00:01
 3 files changed, 3615 insertions(+)
 create mode 100644 data/OMNI_01_2025-11-04.csv
Fetching remote updates...
From github.com:elovejoy-nyle/logz
 * branch            main       -> FETCH_HEAD
Merging remote changes...
Already up to date.
Pushing to remote...
To github.com:elovejoy-nyle/logz.git
   ed6efd2..07e2185  main -> main
Push successful.
=== Hourly update complete at 2025-11-04 01:00:01 ===

=== Hourly update started at 2025-11-04 02:00:01 ===
[main 01d520f] Hourly data update 2025-11-04 02:00:01
 3 files changed, 3615 insertions(+)
 create mode 100644 data/OMNI_02_2025-11-04.csv
Fetching remote updates...
From github.com:elovejoy-nyle/logz
 * branch            main       -> FETCH_HEAD
Merging remote changes...
Already up to date.
Pushing to remote...
To github.com:elovejoy-nyle/logz.git
   07e2185..01d520f  main -> main
Push successful.
=== Hourly update complete at 2025-11-04 02:00:01 ===

=== Hourly update started at 2025-11-04 03:00:01 ===
[main 69e59fd] Hourly data update 2025-11-04 03:00:01
 3 files changed, 3616 insertions(+)
 create mode 100644 data/OMNI_03_2025-11-04.csv
Fetching remote updates...
From github.com:elovejoy-nyle/logz
 * branch            main       -> FETCH_HEAD
Merging remote changes...
Already up to date.
Pushing to remote...
To github.com:elovejoy-nyle/logz.git
   01d520f..69e59fd  main -> main
Push successful.
=== Hourly update complete at 2025-11-04 03:00:01 ===

=== Hourly update started at 2025-11-04 04:00:01 ===
[main 3585f38] Hourly data update 2025-11-04 04:00:01
 3 files changed, 3615 insertions(+)
 create mode 100644 data/OMNI_04_2025-11-04.csv
Fetching remote updates...
From github.com:elovejoy-nyle/logz
 * branch            main       -> FETCH_HEAD
Merging remote changes...
Already up to date.
Pushing to remote...
To github.com:elovejoy-nyle/logz.git
   69e59fd..3585f38  main -> main
Push successful.
=== Hourly update complete at 2025-11-04 04:00:01 ===

=== Hourly update started at 2025-11-04 05:00:01 ===
[main 826d9f4] Hourly data update 2025-11-04 05:00:01
 3 files changed, 3616 insertions(+)
 create mode 100644 data/OMNI_05_2025-11-04.csv
Fetching remote updates...
From github.com:elovejoy-nyle/logz
 * branch            main       -> FETCH_HEAD
Merging remote changes...
Already up to date.
Pushing to remote...
To github.com:elovejoy-nyle/logz.git
   3585f38..826d9f4  main -> main
Push successful.
=== Hourly update complete at 2025-11-04 05:00:01 ===

=== Hourly update started at 2025-11-04 06:00:01 ===
[main 268d816] Hourly data update 2025-11-04 06:00:01
 3 files changed, 3617 insertions(+)
 create mode 100644 data/OMNI_06_2025-11-04.csv
Fetching remote updates...
From github.com:elovejoy-nyle/logz
 * branch            main       -> FETCH_HEAD
Merging remote changes...
Already up to date.
Pushing to remote...
To github.com:elovejoy-nyle/logz.git
   826d9f4..268d816  main -> main
Push successful.
=== Hourly update complete at 2025-11-04 06:00:01 ===

=== Hourly update started at 2025-11-04 07:00:01 ===
[main 338d835] Hourly data update 2025-11-04 07:00:01
 3 files changed, 3615 insertions(+)
 create mode 100644 data/OMNI_07_2025-11-04.csv
Fetching remote updates...
From github.com:elovejoy-nyle/logz
 * branch            main       -> FETCH_HEAD
Merging remote changes...
Already up to date.
Pushing to remote...
To github.com:elovejoy-nyle/logz.git
   268d816..338d835  main -> main
Push successful.
=== Hourly update complete at 2025-11-04 07:00:01 ===

=== Hourly update started at 2025-11-04 08:00:01 ===
[main e634aa7] Hourly data update 2025-11-04 08:00:01
 3 files changed, 3615 insertions(+)
 create mode 100644 data/OMNI_08_2025-11-04.csv
Fetching remote updates...
From github.com:elovejoy-nyle/logz
 * branch            main       -> FETCH_HEAD
Merging remote changes...
Already up to date.
Pushing to remote...
To github.com:elovejoy-nyle/logz.git
   338d835..e634aa7  main -> main
Push successful.
=== Hourly update complete at 2025-11-04 08:00:01 ===

=== Hourly update started at 2025-11-04 09:00:01 ===
[main ef7f915] Hourly data update 2025-11-04 09:00:01
 3 files changed, 3616 insertions(+)
 create mode 100644 data/OMNI_09_2025-11-04.csv
Fetching remote updates...
From github.com:elovejoy-nyle/logz
 * branch            main       -> FETCH_HEAD
Merging remote changes...
Already up to date.
Pushing to remote...
To github.com:elovejoy-nyle/logz.git
   e634aa7..ef7f915  main -> main
Push successful.
=== Hourly update complete at 2025-11-04 09:00:01 ===

=== Hourly update started at 2025-11-04 10:00:01 ===
[main a240f1e] Hourly data update 2025-11-04 10:00:01
 3 files changed, 3615 insertions(+)
 create mode 100644 data/OMNI_10_2025-11-04.csv
Fetching remote updates...
From github.com:elovejoy-nyle/logz
 * branch            main       -> FETCH_HEAD
Merging remote changes...
Already up to date.
Pushing to remote...
To github.com:elovejoy-nyle/logz.git
   ef7f915..a240f1e  main -> main
Push successful.
=== Hourly update complete at 2025-11-04 10:00:01 ===

=== Hourly update started at 2025-11-04 11:00:01 ===
[main 86b0876] Hourly data update 2025-11-04 11:00:01
 3 files changed, 3616 insertions(+)
 create mode 100644 data/OMNI_11_2025-11-04.csv
Fetching remote updates...
From github.com:elovejoy-nyle/logz
 * branch            main       -> FETCH_HEAD
Merging remote changes...
Already up to date.
Pushing to remote...
To github.com:elovejoy-nyle/logz.git
   a240f1e..86b0876  main -> main
Push successful.
=== Hourly update complete at 2025-11-04 11:00:01 ===

=== Hourly update started at 2025-11-04 12:00:01 ===
[main 1a14485] Hourly data update 2025-11-04 12:00:01
 3 files changed, 3616 insertions(+)
 create mode 100644 data/OMNI_12_2025-11-04.csv
Fetching remote updates...
From github.com:elovejoy-nyle/logz
 * branch            main       -> FETCH_HEAD
Merging remote changes...
Already up to date.
Pushing to remote...
To github.com:elovejoy-nyle/logz.git
   86b0876..1a14485  main -> main
Push successful.
=== Hourly update complete at 2025-11-04 12:00:01 ===

=== Hourly update started at 2025-11-04 13:00:01 ===
[main ddfc4b3] Hourly data update 2025-11-04 13:00:01
 3 files changed, 3615 insertions(+)
 create mode 100644 data/OMNI_13_2025-11-04.csv
Fetching remote updates...
From github.com:elovejoy-nyle/logz
 * branch            main       -> FETCH_HEAD
Merging remote changes...
Already up to date.
Pushing to remote...
To github.com:elovejoy-nyle/logz.git
   1a14485..ddfc4b3  main -> main
Push successful.
=== Hourly update complete at 2025-11-04 13:00:01 ===

=== Hourly update started at 2025-11-04 14:00:01 ===
[main 750b7dc] Hourly data update 2025-11-04 14:00:01
 3 files changed, 3616 insertions(+)
 create mode 100644 data/OMNI_14_2025-11-04.csv
Fetching remote updates...
From github.com:elovejoy-nyle/logz
 * branch            main       -> FETCH_HEAD
Merging remote changes...
Already up to date.
Pushing to remote...
To github.com:elovejoy-nyle/logz.git
   ddfc4b3..750b7dc  main -> main
Push successful.
=== Hourly update complete at 2025-11-04 14:00:01 ===

=== Hourly update started at 2025-11-04 15:00:01 ===
[main d050882] Hourly data update 2025-11-04 15:00:01
 3 files changed, 3615 insertions(+)
 create mode 100644 data/OMNI_15_2025-11-04.csv
Fetching remote updates...
From github.com:elovejoy-nyle/logz
 * branch            main       -> FETCH_HEAD
Merging remote changes...
Already up to date.
Pushing to remote...
To github.com:elovejoy-nyle/logz.git
   750b7dc..d050882  main -> main
Push successful.
=== Hourly update complete at 2025-11-04 15:00:01 ===

=== Hourly update started at 2025-11-04 16:00:01 ===
[main 92704a0] Hourly data update 2025-11-04 16:00:01
 3 files changed, 3616 insertions(+)
 create mode 100644 data/OMNI_16_2025-11-04.csv
Fetching remote updates...
From github.com:elovejoy-nyle/logz
 * branch            main       -> FETCH_HEAD
Merging remote changes...
Already up to date.
Pushing to remote...
To github.com:elovejoy-nyle/logz.git
   d050882..92704a0  main -> main
Push successful.
=== Hourly update complete at 2025-11-04 16:00:01 ===

=== Hourly update started at 2025-11-04 17:00:01 ===
[main 5e7f020] Hourly data update 2025-11-04 17:00:01
 3 files changed, 3615 insertions(+)
 create mode 100644 data/OMNI_17_2025-11-04.csv
Fetching remote updates...
From github.com:elovejoy-nyle/logz
 * branch            main       -> FETCH_HEAD
Merging remote changes...
Already up to date.
Pushing to remote...
To github.com:elovejoy-nyle/logz.git
   92704a0..5e7f020  main -> main
Push successful.
=== Hourly update complete at 2025-11-04 17:00:01 ===

=== Hourly update started at 2025-11-04 18:00:01 ===
[main e61e0ad] Hourly data update 2025-11-04 18:00:01
 3 files changed, 3616 insertions(+)
 create mode 100644 data/OMNI_18_2025-11-04.csv
Fetching remote updates...
From github.com:elovejoy-nyle/logz
 * branch            main       -> FETCH_HEAD
Merging remote changes...
Already up to date.
Pushing to remote...
To github.com:elovejoy-nyle/logz.git
   5e7f020..e61e0ad  main -> main
Push successful.
=== Hourly update complete at 2025-11-04 18:00:01 ===

=== Hourly update started at 2025-11-04 19:00:01 ===
[main 3dac6d0] Hourly data update 2025-11-04 19:00:01
 3 files changed, 3615 insertions(+)
 create mode 100644 data/OMNI_19_2025-11-04.csv
Fetching remote updates...
From github.com:elovejoy-nyle/logz
 * branch            main       -> FETCH_HEAD
Merging remote changes...
Already up to date.
Pushing to remote...
To github.com:elovejoy-nyle/logz.git
   e61e0ad..3dac6d0  main -> main
Push successful.
=== Hourly update complete at 2025-11-04 19:00:01 ===

=== Hourly update started at 2025-11-04 20:00:01 ===
[main 2dcf946] Hourly data update 2025-11-04 20:00:01
 3 files changed, 3616 insertions(+)
 create mode 100644 data/OMNI_20_2025-11-04.csv
Fetching remote updates...
From github.com:elovejoy-nyle/logz
 * branch            main       -> FETCH_HEAD
Merging remote changes...
Already up to date.
Pushing to remote...
To github.com:elovejoy-nyle/logz.git
   3dac6d0..2dcf946  main -> main
Push successful.
=== Hourly update complete at 2025-11-04 20:00:01 ===

=== Hourly update started at 2025-11-04 21:00:01 ===
[main 7cd2d63] Hourly data update 2025-11-04 21:00:01
 3 files changed, 3615 insertions(+)
 create mode 100644 data/OMNI_21_2025-11-04.csv
Fetching remote updates...
From github.com:elovejoy-nyle/logz
 * branch            main       -> FETCH_HEAD
Merging remote changes...
Already up to date.
Pushing to remote...
To github.com:elovejoy-nyle/logz.git
   2dcf946..7cd2d63  main -> main
Push successful.
=== Hourly update complete at 2025-11-04 21:00:01 ===

=== Hourly update started at 2025-11-04 22:00:01 ===
[main 45b6bd0] Hourly data update 2025-11-04 22:00:01
 3 files changed, 3616 insertions(+)
 create mode 100644 data/OMNI_22_2025-11-04.csv
Fetching remote updates...
From github.com:elovejoy-nyle/logz
 * branch            main       -> FETCH_HEAD
Merging remote changes...
Already up to date.
Pushing to remote...
To github.com:elovejoy-nyle/logz.git
   7cd2d63..45b6bd0  main -> main
Push successful.
=== Hourly update complete at 2025-11-04 22:00:01 ===

=== Hourly update started at 2025-11-04 23:00:01 ===
[main 8174861] Hourly data update 2025-11-04 23:00:01
 3 files changed, 3615 insertions(+)
 create mode 100644 data/OMNI_23_2025-11-04.csv
Fetching remote updates...
From github.com:elovejoy-nyle/logz
 * branch            main       -> FETCH_HEAD
Merging remote changes...
Already up to date.
Pushing to remote...
To github.com:elovejoy-nyle/logz.git
   45b6bd0..8174861  main -> main
Push successful.
=== Hourly update complete at 2025-11-04 23:00:01 ===

=== Hourly update started at 2025-11-05 00:00:01 ===
[main e916ee0] Hourly data update 2025-11-05 00:00:01
 3 files changed, 3616 insertions(+)
 create mode 100644 data/OMNI_24_2025-11-05.csv
Fetching remote updates...
From github.com:elovejoy-nyle/logz
 * branch            main       -> FETCH_HEAD
Merging remote changes...
Already up to date.
Pushing to remote...
To github.com:elovejoy-nyle/logz.git
   8174861..e916ee0  main -> main
Push successful.
=== Hourly update complete at 2025-11-05 00:00:01 ===

=== Hourly update started at 2025-11-05 01:00:01 ===
[main 814cb27] Hourly data update 2025-11-05 01:00:01
 3 files changed, 3615 insertions(+)
 create mode 100644 data/OMNI_01_2025-11-05.csv
Fetching remote updates...
From github.com:elovejoy-nyle/logz
 * branch            main       -> FETCH_HEAD
Merging remote changes...
Already up to date.
Pushing to remote...
To github.com:elovejoy-nyle/logz.git
   e916ee0..814cb27  main -> main
Push successful.
=== Hourly update complete at 2025-11-05 01:00:01 ===

=== Hourly update started at 2025-11-05 02:00:01 ===
[main 691a47e] Hourly data update 2025-11-05 02:00:01
 3 files changed, 3616 insertions(+)
 create mode 100644 data/OMNI_02_2025-11-05.csv
Fetching remote updates...
From github.com:elovejoy-nyle/logz
 * branch            main       -> FETCH_HEAD
Merging remote changes...
Already up to date.
Pushing to remote...
To github.com:elovejoy-nyle/logz.git
   814cb27..691a47e  main -> main
Push successful.
=== Hourly update complete at 2025-11-05 02:00:01 ===

=== Hourly update started at 2025-11-05 03:00:01 ===
[main 92b48a4] Hourly data update 2025-11-05 03:00:01
 3 files changed, 3615 insertions(+)
 create mode 100644 data/OMNI_03_2025-11-05.csv
Fetching remote updates...
From github.com:elovejoy-nyle/logz
 * branch            main       -> FETCH_HEAD
Merging remote changes...
Already up to date.
Pushing to remote...
To github.com:elovejoy-nyle/logz.git
   691a47e..92b48a4  main -> main
Push successful.
=== Hourly update complete at 2025-11-05 03:00:01 ===

=== Hourly update started at 2025-11-05 04:00:01 ===
[main af0e519] Hourly data update 2025-11-05 04:00:01
 3 files changed, 3616 insertions(+)
 create mode 100644 data/OMNI_04_2025-11-05.csv
Fetching remote updates...
From github.com:elovejoy-nyle/logz
 * branch            main       -> FETCH_HEAD
Merging remote changes...
Already up to date.
Pushing to remote...
To github.com:elovejoy-nyle/logz.git
   92b48a4..af0e519  main -> main
Push successful.
=== Hourly update complete at 2025-11-05 04:00:01 ===

=== Hourly update started at 2025-11-05 05:00:01 ===
[main d008d4d] Hourly data update 2025-11-05 05:00:01
 3 files changed, 3615 insertions(+)
 create mode 100644 data/OMNI_05_2025-11-05.csv
Fetching remote updates...
From github.com:elovejoy-nyle/logz
 * branch            main       -> FETCH_HEAD
Merging remote changes...
Already up to date.
Pushing to remote...
To github.com:elovejoy-nyle/logz.git
   af0e519..d008d4d  main -> main
Push successful.
=== Hourly update complete at 2025-11-05 05:00:01 ===

=== Hourly update started at 2025-11-05 06:00:01 ===
[main 519cf6d] Hourly data update 2025-11-05 06:00:01
 3 files changed, 3616 insertions(+)
 create mode 100644 data/OMNI_06_2025-11-05.csv
Fetching remote updates...
From github.com:elovejoy-nyle/logz
 * branch            main       -> FETCH_HEAD
Merging remote changes...
Already up to date.
Pushing to remote...
To github.com:elovejoy-nyle/logz.git
   d008d4d..519cf6d  main -> main
Push successful.
=== Hourly update complete at 2025-11-05 06:00:01 ===

=== Hourly update started at 2025-11-05 07:00:01 ===
[main 8539538] Hourly data update 2025-11-05 07:00:01
 3 files changed, 3615 insertions(+)
 create mode 100644 data/OMNI_07_2025-11-05.csv
Fetching remote updates...
From github.com:elovejoy-nyle/logz
 * branch            main       -> FETCH_HEAD
Merging remote changes...
Already up to date.
Pushing to remote...
To github.com:elovejoy-nyle/logz.git
   519cf6d..8539538  main -> main
Push successful.
=== Hourly update complete at 2025-11-05 07:00:01 ===

=== Hourly update started at 2025-11-05 08:00:01 ===
[main 8eb65e8] Hourly data update 2025-11-05 08:00:01
 3 files changed, 3615 insertions(+)
 create mode 100644 data/OMNI_08_2025-11-05.csv
Fetching remote updates...
From github.com:elovejoy-nyle/logz
 * branch            main       -> FETCH_HEAD
Merging remote changes...
Already up to date.
Pushing to remote...
To github.com:elovejoy-nyle/logz.git
   8539538..8eb65e8  main -> main
Push successful.
=== Hourly update complete at 2025-11-05 08:00:01 ===

=== Hourly update started at 2025-11-05 09:00:01 ===
[main 1a07032] Hourly data update 2025-11-05 09:00:01
 3 files changed, 3616 insertions(+)
 create mode 100644 data/OMNI_09_2025-11-05.csv
Fetching remote updates...
From github.com:elovejoy-nyle/logz
 * branch            main       -> FETCH_HEAD
Merging remote changes...
Already up to date.
Pushing to remote...
To github.com:elovejoy-nyle/logz.git
   8eb65e8..1a07032  main -> main
Push successful.
=== Hourly update complete at 2025-11-05 09:00:01 ===

=== Hourly update started at 2025-11-05 10:00:01 ===
[main e65175f] Hourly data update 2025-11-05 10:00:01
 3 files changed, 3616 insertions(+)
 create mode 100644 data/OMNI_10_2025-11-05.csv
Fetching remote updates...
From github.com:elovejoy-nyle/logz
 * branch            main       -> FETCH_HEAD
Merging remote changes...
Already up to date.
Pushing to remote...
To github.com:elovejoy-nyle/logz.git
   1a07032..e65175f  main -> main
Push successful.
=== Hourly update complete at 2025-11-05 10:00:01 ===

=== Hourly update started at 2025-11-05 11:00:01 ===
[main 6b1fa2b] Hourly data update 2025-11-05 11:00:01
 3 files changed, 3616 insertions(+)
 create mode 100644 data/OMNI_11_2025-11-05.csv
Fetching remote updates...
From github.com:elovejoy-nyle/logz
 * branch            main       -> FETCH_HEAD
Merging remote changes...
Already up to date.
Pushing to remote...
To github.com:elovejoy-nyle/logz.git
   e65175f..6b1fa2b  main -> main
Push successful.
=== Hourly update complete at 2025-11-05 11:00:01 ===

=== Hourly update started at 2025-11-05 12:00:01 ===
[main 533f467] Hourly data update 2025-11-05 12:00:01
 3 files changed, 3615 insertions(+)
 create mode 100644 data/OMNI_12_2025-11-05.csv
Fetching remote updates...
From github.com:elovejoy-nyle/logz
 * branch            main       -> FETCH_HEAD
Merging remote changes...
Already up to date.
Pushing to remote...
To github.com:elovejoy-nyle/logz.git
   6b1fa2b..533f467  main -> main
Push successful.
=== Hourly update complete at 2025-11-05 12:00:01 ===

=== Hourly update started at 2025-11-05 13:00:01 ===
[main c598937] Hourly data update 2025-11-05 13:00:01
 3 files changed, 3615 insertions(+)
 create mode 100644 data/OMNI_13_2025-11-05.csv
Fetching remote updates...
From github.com:elovejoy-nyle/logz
 * branch            main       -> FETCH_HEAD
Merging remote changes...
Already up to date.
Pushing to remote...
To github.com:elovejoy-nyle/logz.git
   533f467..c598937  main -> main
Push successful.
=== Hourly update complete at 2025-11-05 13:00:01 ===

=== Hourly update started at 2025-11-05 14:00:01 ===
[main b428249] Hourly data update 2025-11-05 14:00:01
 3 files changed, 3616 insertions(+)
 create mode 100644 data/OMNI_14_2025-11-05.csv
Fetching remote updates...
From github.com:elovejoy-nyle/logz
 * branch            main       -> FETCH_HEAD
Merging remote changes...
Already up to date.
Pushing to remote...
To github.com:elovejoy-nyle/logz.git
   c598937..b428249  main -> main
Push successful.
=== Hourly update complete at 2025-11-05 14:00:01 ===

=== Hourly update started at 2025-11-05 15:00:01 ===
[main 6d39996] Hourly data update 2025-11-05 15:00:01
 3 files changed, 3616 insertions(+)
 create mode 100644 data/OMNI_15_2025-11-05.csv
Fetching remote updates...
From github.com:elovejoy-nyle/logz
 * branch            main       -> FETCH_HEAD
Merging remote changes...
Already up to date.
Pushing to remote...
To github.com:elovejoy-nyle/logz.git
   b428249..6d39996  main -> main
Push successful.
=== Hourly update complete at 2025-11-05 15:00:01 ===

=== Hourly update started at 2025-11-05 16:00:01 ===
[main 39cf822] Hourly data update 2025-11-05 16:00:01
 3 files changed, 3615 insertions(+)
 create mode 100644 data/OMNI_16_2025-11-05.csv
Fetching remote updates...
From github.com:elovejoy-nyle/logz
 * branch            main       -> FETCH_HEAD
Merging remote changes...
Already up to date.
Pushing to remote...
To github.com:elovejoy-nyle/logz.git
   6d39996..39cf822  main -> main
Push successful.
=== Hourly update complete at 2025-11-05 16:00:01 ===

=== Hourly update started at 2025-11-05 17:00:01 ===
[main 8cd2cc9] Hourly data update 2025-11-05 17:00:01
 3 files changed, 3615 insertions(+)
 create mode 100644 data/OMNI_17_2025-11-05.csv
Fetching remote updates...
From github.com:elovejoy-nyle/logz
 * branch            main       -> FETCH_HEAD
Merging remote changes...
Already up to date.
Pushing to remote...
To github.com:elovejoy-nyle/logz.git
   39cf822..8cd2cc9  main -> main
Push successful.
=== Hourly update complete at 2025-11-05 17:00:01 ===

=== Hourly update started at 2025-11-05 18:00:02 ===
